TN:
SF:/home/marco/Documents/Dev/TrabajoFinal/Software/.pio/libdeps/native/googletest/googlemock/include/gmock/gmock-actions.h
FN:1257,1259,_ZNK7testing8internal15DoDefaultActioncvNS_6ActionIT_EEIFiiPKiiEEEv
FN:1844,1846,_ZN7testing6ReturnIiEENS_8internal12ReturnActionIT_EES3_
FN:1905,1907,_ZN7testing9DoDefaultEv
FN:255,255,_ZN7testing8internal19BuiltInDefaultValueIiE3GetEv
FN:255,255,_ZN7testing8internal19BuiltInDefaultValueIiE6ExistsEv
FN:458,460,_ZN7testing10OnceActionIFiiPKiiEEC2INS4_23IgnoreIncomingArgumentsINS_8internal12ReturnActionIiE4ImplIiEEEELi0EEEOT_
FN:477,481,_ZN7testing10OnceActionIFiiPKiiEEC2INS_8internal12ReturnActionIiE4ImplIiEELi0EEEOT_
FN:487,487,_ZN7testing10OnceActionIFiiPKiiEEC2EOS4_
FN:491,493,_ZNO7testing10OnceActionIFiiPKiiEE4CallEiS2_i
FN:512,513,_ZN7testing10OnceActionIFiiPKiiEE18StdFunctionAdaptorINS4_23IgnoreIncomingArgumentsINS_8internal12ReturnActionIiE4ImplIiEEEEEC2ISC_EENSD_11CallableTagEOT_
FN:534,537,_ZNK7testing10OnceActionIFiiPKiiEE18StdFunctionAdaptorINS4_23IgnoreIncomingArgumentsINS_8internal12ReturnActionIiE4ImplIiEEEEEclIJiS2_iEEEDTclclL_ZSt7declvalISC_EDTcl9__declvalIT_ELi0EEEvEEspcl7declvalIT_EEEEDpOSI_
FN:549,551,_ZN7testing10OnceActionIFiiPKiiEE23IgnoreIncomingArgumentsINS_8internal12ReturnActionIiE4ImplIiEEEclEOiOS2_SC_
FN:598,598,_ZN7testing12DefaultValueIiE5IsSetEv
FN:602,604,_ZN7testing12DefaultValueIiE6ExistsEv
FN:609,612,_ZN7testing12DefaultValueIiE3GetEv
FN:755,755,_ZN7testing6ActionIFiiPKiiEEC2Ev
FN:765,767,_ZN7testing6ActionIFiiPKiiEEC2INS_8internal16TypedExpectationIS3_E13ActionAdaptorEvEEOT_
FN:781,781,_ZNK7testing6ActionIFiiP17spi_transaction_tEE11IsDoDefaultEv
FN:781,781,_ZNK7testing6ActionIFiiPKiPiEE11IsDoDefaultEv
FN:781,781,_ZNK7testing6ActionIFiiPKiiEE11IsDoDefaultEv
FN:789,794,_ZNK7testing6ActionIFiiP17spi_transaction_tEE7PerformESt5tupleIJiS2_EE
FN:789,794,_ZNK7testing6ActionIFiiPKiPiEE7PerformESt5tupleIJiS2_S3_EE
FN:789,794,_ZNK7testing6ActionIFiiPKiiEE7PerformESt5tupleIJiS2_iEE
FN:819,821,_ZN7testing6ActionIFiiPKiiEE4InitINS_8internal16TypedExpectationIS3_E13ActionAdaptorEEEvOT_St17integral_constantIbLb1EE
FN:926,926,_ZN7testing8internal12ReturnActionIiEC2Ei
FN:935,937,_ZNO7testing8internal12ReturnActionIiEcvNS_10OnceActionIFT_DpT0_EEEIiJiPKiiEvEEv
FN:957,958,_ZN7testing8internal12ReturnActionIiE4ImplIiEC2EOi
FN:964,964,_ZNO7testing8internal12ReturnActionIiE4ImplIiEclEv
FN:994,1002,_ZN7testing8internal12ReturnActionIiE4ImplIiE5StateC2EOi
FNDA:1,_ZNK7testing8internal15DoDefaultActioncvNS_6ActionIT_EEIFiiPKiiEEEv
FNDA:1,_ZN7testing6ReturnIiEENS_8internal12ReturnActionIT_EES3_
FNDA:1,_ZN7testing9DoDefaultEv
FNDA:0,_ZN7testing8internal19BuiltInDefaultValueIiE3GetEv
FNDA:0,_ZN7testing8internal19BuiltInDefaultValueIiE6ExistsEv
FNDA:1,_ZN7testing10OnceActionIFiiPKiiEEC2INS4_23IgnoreIncomingArgumentsINS_8internal12ReturnActionIiE4ImplIiEEEELi0EEEOT_
FNDA:1,_ZN7testing10OnceActionIFiiPKiiEEC2INS_8internal12ReturnActionIiE4ImplIiEELi0EEEOT_
FNDA:1,_ZN7testing10OnceActionIFiiPKiiEEC2EOS4_
FNDA:1,_ZNO7testing10OnceActionIFiiPKiiEE4CallEiS2_i
FNDA:1,_ZN7testing10OnceActionIFiiPKiiEE18StdFunctionAdaptorINS4_23IgnoreIncomingArgumentsINS_8internal12ReturnActionIiE4ImplIiEEEEEC2ISC_EENSD_11CallableTagEOT_
FNDA:1,_ZNK7testing10OnceActionIFiiPKiiEE18StdFunctionAdaptorINS4_23IgnoreIncomingArgumentsINS_8internal12ReturnActionIiE4ImplIiEEEEEclIJiS2_iEEEDTclclL_ZSt7declvalISC_EDTcl9__declvalIT_ELi0EEEvEEspcl7declvalIT_EEEEDpOSI_
FNDA:1,_ZN7testing10OnceActionIFiiPKiiEE23IgnoreIncomingArgumentsINS_8internal12ReturnActionIiE4ImplIiEEEclEOiOS2_SC_
FNDA:0,_ZN7testing12DefaultValueIiE5IsSetEv
FNDA:0,_ZN7testing12DefaultValueIiE6ExistsEv
FNDA:0,_ZN7testing12DefaultValueIiE3GetEv
FNDA:1,_ZN7testing6ActionIFiiPKiiEEC2Ev
FNDA:1,_ZN7testing6ActionIFiiPKiiEEC2INS_8internal16TypedExpectationIS3_E13ActionAdaptorEvEEOT_
FNDA:0,_ZNK7testing6ActionIFiiP17spi_transaction_tEE11IsDoDefaultEv
FNDA:0,_ZNK7testing6ActionIFiiPKiPiEE11IsDoDefaultEv
FNDA:2,_ZNK7testing6ActionIFiiPKiiEE11IsDoDefaultEv
FNDA:0,_ZNK7testing6ActionIFiiP17spi_transaction_tEE7PerformESt5tupleIJiS2_EE
FNDA:0,_ZNK7testing6ActionIFiiPKiPiEE7PerformESt5tupleIJiS2_S3_EE
FNDA:1,_ZNK7testing6ActionIFiiPKiiEE7PerformESt5tupleIJiS2_iEE
FNDA:1,_ZN7testing6ActionIFiiPKiiEE4InitINS_8internal16TypedExpectationIS3_E13ActionAdaptorEEEvOT_St17integral_constantIbLb1EE
FNDA:1,_ZN7testing8internal12ReturnActionIiEC2Ei
FNDA:1,_ZNO7testing8internal12ReturnActionIiEcvNS_10OnceActionIFT_DpT0_EEEIiJiPKiiEvEEv
FNDA:1,_ZN7testing8internal12ReturnActionIiE4ImplIiEC2EOi
FNDA:1,_ZNO7testing8internal12ReturnActionIiE4ImplIiEclEv
FNDA:1,_ZN7testing8internal12ReturnActionIiE4ImplIiE5StateC2EOi
FNF:29
FNH:20
DA:255,0
DA:458,1
DA:459,1
DA:460,1
DA:477,1
DA:481,1
DA:487,1
DA:491,1
DA:492,1
DA:512,1
DA:513,1
DA:534,1
DA:536,1
DA:549,1
DA:550,1
DA:598,0
DA:602,0
DA:603,0
DA:609,0
DA:610,0
DA:611,0
DA:755,1
DA:765,1
DA:766,1
DA:767,1
DA:781,2
DA:789,1
DA:790,1
DA:791,0
DA:793,1
DA:819,1
DA:820,1
DA:821,1
DA:926,1
DA:935,1
DA:936,1
DA:957,1
DA:958,1
DA:964,1
DA:994,1
DA:995,1
DA:1002,1
DA:1257,1
DA:1258,1
DA:1844,1
DA:1845,1
DA:1905,1
DA:1906,1
LF:48
LH:40
end_of_record
TN:
SF:/home/marco/Documents/Dev/TrabajoFinal/Software/.pio/libdeps/native/googletest/googlemock/include/gmock/gmock-cardinalities.h
FN:113,115,_ZNK7testing11Cardinality22IsSaturatedByCallCountEi
FNDA:2,_ZNK7testing11Cardinality22IsSaturatedByCallCountEi
FNF:1
FNH:1
DA:113,2
DA:114,2
LF:2
LH:2
end_of_record
TN:
SF:/home/marco/Documents/Dev/TrabajoFinal/Software/.pio/libdeps/native/googletest/googlemock/include/gmock/gmock-matchers.h
FN:305,305,_ZN7testing25StringMatchResultListenerC2Ev
FN:308,308,_ZNK7testing25StringMatchResultListener3strB5cxx11Ev
FN:4234,4236,_ZN7testing1AIRKSt5tupleIJiPKiiEEEENS_7MatcherIT_EEv
FN:562,567,_ZN7testing8internal15PrintIfNotEmptyERKNSt7__cxx1112basic_stringIcSt11char_traitsIcESaIcEEEPSo
FN:616,620,_ZN7testing8internal11TuplePrefixILm1EE7MatchesISt5tupleIJNS_7MatcherIiEENS5_IP17spi_transaction_tEEEES4_IJiS8_EEEEbRKT_RKT0_
FN:616,620,_ZN7testing8internal11TuplePrefixILm1EE7MatchesISt5tupleIJNS_7MatcherIiEENS5_IPKiEENS5_IPiEEEES4_IJiS8_SA_EEEEbRKT_RKT0_
FN:616,620,_ZN7testing8internal11TuplePrefixILm1EE7MatchesISt5tupleIJNS_7MatcherIiEENS5_IPKiEES6_EES4_IJiS8_iEEEEbRKT_RKT0_
FN:616,620,_ZN7testing8internal11TuplePrefixILm2EE7MatchesISt5tupleIJNS_7MatcherIiEENS5_IP17spi_transaction_tEEEES4_IJiS8_EEEEbRKT_RKT0_
FN:616,620,_ZN7testing8internal11TuplePrefixILm2EE7MatchesISt5tupleIJNS_7MatcherIiEENS5_IPKiEENS5_IPiEEEES4_IJiS8_SA_EEEEbRKT_RKT0_
FN:616,620,_ZN7testing8internal11TuplePrefixILm2EE7MatchesISt5tupleIJNS_7MatcherIiEENS5_IPKiEES6_EES4_IJiS8_iEEEEbRKT_RKT0_
FN:616,620,_ZN7testing8internal11TuplePrefixILm3EE7MatchesISt5tupleIJNS_7MatcherIiEENS5_IPKiEENS5_IPiEEEES4_IJiS8_SA_EEEEbRKT_RKT0_
FN:616,620,_ZN7testing8internal11TuplePrefixILm3EE7MatchesISt5tupleIJNS_7MatcherIiEENS5_IPKiEES6_EES4_IJiS8_iEEEEbRKT_RKT0_
FN:627,653,_ZN7testing8internal11TuplePrefixILm1EE22ExplainMatchFailuresToISt5tupleIJNS_7MatcherIiEENS5_IP17spi_transaction_tEEEES4_IJiS8_EEEEvRKT_RKT0_PSo
FN:627,653,_ZN7testing8internal11TuplePrefixILm1EE22ExplainMatchFailuresToISt5tupleIJNS_7MatcherIiEENS5_IPKiEENS5_IPiEEEES4_IJiS8_SA_EEEEvRKT_RKT0_PSo
FN:627,653,_ZN7testing8internal11TuplePrefixILm1EE22ExplainMatchFailuresToISt5tupleIJNS_7MatcherIiEENS5_IPKiEES6_EES4_IJiS8_iEEEEvRKT_RKT0_PSo
FN:627,653,_ZN7testing8internal11TuplePrefixILm2EE22ExplainMatchFailuresToISt5tupleIJNS_7MatcherIiEENS5_IP17spi_transaction_tEEEES4_IJiS8_EEEEvRKT_RKT0_PSo
FN:627,653,_ZN7testing8internal11TuplePrefixILm2EE22ExplainMatchFailuresToISt5tupleIJNS_7MatcherIiEENS5_IPKiEENS5_IPiEEEES4_IJiS8_SA_EEEEvRKT_RKT0_PSo
FN:627,653,_ZN7testing8internal11TuplePrefixILm2EE22ExplainMatchFailuresToISt5tupleIJNS_7MatcherIiEENS5_IPKiEES6_EES4_IJiS8_iEEEEvRKT_RKT0_PSo
FN:627,653,_ZN7testing8internal11TuplePrefixILm3EE22ExplainMatchFailuresToISt5tupleIJNS_7MatcherIiEENS5_IPKiEENS5_IPiEEEES4_IJiS8_SA_EEEEvRKT_RKT0_PSo
FN:627,653,_ZN7testing8internal11TuplePrefixILm3EE22ExplainMatchFailuresToISt5tupleIJNS_7MatcherIiEENS5_IPKiEES6_EES4_IJiS8_iEEEEvRKT_RKT0_PSo
FN:661,664,_ZN7testing8internal11TuplePrefixILm0EE7MatchesISt5tupleIJNS_7MatcherIiEENS5_IP17spi_transaction_tEEEES4_IJiS8_EEEEbRKT_RKT0_
FN:661,664,_ZN7testing8internal11TuplePrefixILm0EE7MatchesISt5tupleIJNS_7MatcherIiEENS5_IPKiEENS5_IPiEEEES4_IJiS8_SA_EEEEbRKT_RKT0_
FN:661,664,_ZN7testing8internal11TuplePrefixILm0EE7MatchesISt5tupleIJNS_7MatcherIiEENS5_IPKiEES6_EES4_IJiS8_iEEEEbRKT_RKT0_
FN:667,669,_ZN7testing8internal11TuplePrefixILm0EE22ExplainMatchFailuresToISt5tupleIJNS_7MatcherIiEENS5_IP17spi_transaction_tEEEES4_IJiS8_EEEEvRKT_RKT0_PSo
FN:667,669,_ZN7testing8internal11TuplePrefixILm0EE22ExplainMatchFailuresToISt5tupleIJNS_7MatcherIiEENS5_IPKiEENS5_IPiEEEES4_IJiS8_SA_EEEEvRKT_RKT0_PSo
FN:667,669,_ZN7testing8internal11TuplePrefixILm0EE22ExplainMatchFailuresToISt5tupleIJNS_7MatcherIiEENS5_IPKiEES6_EES4_IJiS8_iEEEEvRKT_RKT0_PSo
FN:678,687,_ZN7testing8internal12TupleMatchesISt5tupleIJNS_7MatcherIiEENS3_IP17spi_transaction_tEEEES2_IJiS6_EEEEbRKT_RKT0_
FN:678,687,_ZN7testing8internal12TupleMatchesISt5tupleIJNS_7MatcherIiEENS3_IPKiEENS3_IPiEEEES2_IJiS6_S8_EEEEbRKT_RKT0_
FN:678,687,_ZN7testing8internal12TupleMatchesISt5tupleIJNS_7MatcherIiEENS3_IPKiEES4_EES2_IJiS6_iEEEEbRKT_RKT0_
FN:692,696,_ZN7testing8internal26ExplainMatchFailureTupleToISt5tupleIJNS_7MatcherIiEENS3_IP17spi_transaction_tEEEES2_IJiS6_EEEEvRKT_RKT0_PSo
FN:692,696,_ZN7testing8internal26ExplainMatchFailureTupleToISt5tupleIJNS_7MatcherIiEENS3_IPKiEENS3_IPiEEEES2_IJiS6_S8_EEEEvRKT_RKT0_PSo
FN:692,696,_ZN7testing8internal26ExplainMatchFailureTupleToISt5tupleIJNS_7MatcherIiEENS3_IPKiEES4_EES2_IJiS6_iEEEEvRKT_RKT0_PSo
FN:747,749,_ZNK7testing8internal15AnythingMatcher15MatchAndExplainIPKiEEbRKT_PSo
FN:747,749,_ZNK7testing8internal15AnythingMatcher15MatchAndExplainISt5tupleIJiPKiiEEEEbRKT_PSo
FN:750,750,_ZNK7testing8internal15AnythingMatcher10DescribeToEPSo
FN:751,756,_ZNK7testing8internal15AnythingMatcher18DescribeNegationToEPSo
FNDA:0,_ZN7testing25StringMatchResultListenerC2Ev
FNDA:0,_ZNK7testing25StringMatchResultListener3strB5cxx11Ev
FNDA:1,_ZN7testing1AIRKSt5tupleIJiPKiiEEEENS_7MatcherIT_EEv
FNDA:0,_ZN7testing8internal15PrintIfNotEmptyERKNSt7__cxx1112basic_stringIcSt11char_traitsIcESaIcEEEPSo
FNDA:0,_ZN7testing8internal11TuplePrefixILm1EE7MatchesISt5tupleIJNS_7MatcherIiEENS5_IP17spi_transaction_tEEEES4_IJiS8_EEEEbRKT_RKT0_
FNDA:0,_ZN7testing8internal11TuplePrefixILm1EE7MatchesISt5tupleIJNS_7MatcherIiEENS5_IPKiEENS5_IPiEEEES4_IJiS8_SA_EEEEbRKT_RKT0_
FNDA:1,_ZN7testing8internal11TuplePrefixILm1EE7MatchesISt5tupleIJNS_7MatcherIiEENS5_IPKiEES6_EES4_IJiS8_iEEEEbRKT_RKT0_
FNDA:0,_ZN7testing8internal11TuplePrefixILm2EE7MatchesISt5tupleIJNS_7MatcherIiEENS5_IP17spi_transaction_tEEEES4_IJiS8_EEEEbRKT_RKT0_
FNDA:0,_ZN7testing8internal11TuplePrefixILm2EE7MatchesISt5tupleIJNS_7MatcherIiEENS5_IPKiEENS5_IPiEEEES4_IJiS8_SA_EEEEbRKT_RKT0_
FNDA:1,_ZN7testing8internal11TuplePrefixILm2EE7MatchesISt5tupleIJNS_7MatcherIiEENS5_IPKiEES6_EES4_IJiS8_iEEEEbRKT_RKT0_
FNDA:0,_ZN7testing8internal11TuplePrefixILm3EE7MatchesISt5tupleIJNS_7MatcherIiEENS5_IPKiEENS5_IPiEEEES4_IJiS8_SA_EEEEbRKT_RKT0_
FNDA:1,_ZN7testing8internal11TuplePrefixILm3EE7MatchesISt5tupleIJNS_7MatcherIiEENS5_IPKiEES6_EES4_IJiS8_iEEEEbRKT_RKT0_
FNDA:0,_ZN7testing8internal11TuplePrefixILm1EE22ExplainMatchFailuresToISt5tupleIJNS_7MatcherIiEENS5_IP17spi_transaction_tEEEES4_IJiS8_EEEEvRKT_RKT0_PSo
FNDA:0,_ZN7testing8internal11TuplePrefixILm1EE22ExplainMatchFailuresToISt5tupleIJNS_7MatcherIiEENS5_IPKiEENS5_IPiEEEES4_IJiS8_SA_EEEEvRKT_RKT0_PSo
FNDA:0,_ZN7testing8internal11TuplePrefixILm1EE22ExplainMatchFailuresToISt5tupleIJNS_7MatcherIiEENS5_IPKiEES6_EES4_IJiS8_iEEEEvRKT_RKT0_PSo
FNDA:0,_ZN7testing8internal11TuplePrefixILm2EE22ExplainMatchFailuresToISt5tupleIJNS_7MatcherIiEENS5_IP17spi_transaction_tEEEES4_IJiS8_EEEEvRKT_RKT0_PSo
FNDA:0,_ZN7testing8internal11TuplePrefixILm2EE22ExplainMatchFailuresToISt5tupleIJNS_7MatcherIiEENS5_IPKiEENS5_IPiEEEES4_IJiS8_SA_EEEEvRKT_RKT0_PSo
FNDA:0,_ZN7testing8internal11TuplePrefixILm2EE22ExplainMatchFailuresToISt5tupleIJNS_7MatcherIiEENS5_IPKiEES6_EES4_IJiS8_iEEEEvRKT_RKT0_PSo
FNDA:0,_ZN7testing8internal11TuplePrefixILm3EE22ExplainMatchFailuresToISt5tupleIJNS_7MatcherIiEENS5_IPKiEENS5_IPiEEEES4_IJiS8_SA_EEEEvRKT_RKT0_PSo
FNDA:0,_ZN7testing8internal11TuplePrefixILm3EE22ExplainMatchFailuresToISt5tupleIJNS_7MatcherIiEENS5_IPKiEES6_EES4_IJiS8_iEEEEvRKT_RKT0_PSo
FNDA:0,_ZN7testing8internal11TuplePrefixILm0EE7MatchesISt5tupleIJNS_7MatcherIiEENS5_IP17spi_transaction_tEEEES4_IJiS8_EEEEbRKT_RKT0_
FNDA:0,_ZN7testing8internal11TuplePrefixILm0EE7MatchesISt5tupleIJNS_7MatcherIiEENS5_IPKiEENS5_IPiEEEES4_IJiS8_SA_EEEEbRKT_RKT0_
FNDA:1,_ZN7testing8internal11TuplePrefixILm0EE7MatchesISt5tupleIJNS_7MatcherIiEENS5_IPKiEES6_EES4_IJiS8_iEEEEbRKT_RKT0_
FNDA:0,_ZN7testing8internal11TuplePrefixILm0EE22ExplainMatchFailuresToISt5tupleIJNS_7MatcherIiEENS5_IP17spi_transaction_tEEEES4_IJiS8_EEEEvRKT_RKT0_PSo
FNDA:0,_ZN7testing8internal11TuplePrefixILm0EE22ExplainMatchFailuresToISt5tupleIJNS_7MatcherIiEENS5_IPKiEENS5_IPiEEEES4_IJiS8_SA_EEEEvRKT_RKT0_PSo
FNDA:0,_ZN7testing8internal11TuplePrefixILm0EE22ExplainMatchFailuresToISt5tupleIJNS_7MatcherIiEENS5_IPKiEES6_EES4_IJiS8_iEEEEvRKT_RKT0_PSo
FNDA:0,_ZN7testing8internal12TupleMatchesISt5tupleIJNS_7MatcherIiEENS3_IP17spi_transaction_tEEEES2_IJiS6_EEEEbRKT_RKT0_
FNDA:0,_ZN7testing8internal12TupleMatchesISt5tupleIJNS_7MatcherIiEENS3_IPKiEENS3_IPiEEEES2_IJiS6_S8_EEEEbRKT_RKT0_
FNDA:1,_ZN7testing8internal12TupleMatchesISt5tupleIJNS_7MatcherIiEENS3_IPKiEES4_EES2_IJiS6_iEEEEbRKT_RKT0_
FNDA:0,_ZN7testing8internal26ExplainMatchFailureTupleToISt5tupleIJNS_7MatcherIiEENS3_IP17spi_transaction_tEEEES2_IJiS6_EEEEvRKT_RKT0_PSo
FNDA:0,_ZN7testing8internal26ExplainMatchFailureTupleToISt5tupleIJNS_7MatcherIiEENS3_IPKiEENS3_IPiEEEES2_IJiS6_S8_EEEEvRKT_RKT0_PSo
FNDA:0,_ZN7testing8internal26ExplainMatchFailureTupleToISt5tupleIJNS_7MatcherIiEENS3_IPKiEES4_EES2_IJiS6_iEEEEvRKT_RKT0_PSo
FNDA:1,_ZNK7testing8internal15AnythingMatcher15MatchAndExplainIPKiEEbRKT_PSo
FNDA:1,_ZNK7testing8internal15AnythingMatcher15MatchAndExplainISt5tupleIJiPKiiEEEEbRKT_PSo
FNDA:0,_ZNK7testing8internal15AnythingMatcher10DescribeToEPSo
FNDA:0,_ZNK7testing8internal15AnythingMatcher18DescribeNegationToEPSo
FNF:36
FNH:8
DA:305,0
DA:308,0
DA:562,0
DA:564,0
DA:565,0
DA:567,0
DA:616,3
DA:618,6
DA:619,6
DA:627,0
DA:631,0
DA:635,0
DA:636,0
DA:638,0
DA:639,0
DA:640,0
DA:641,0
DA:642,0
DA:643,0
DA:649,0
DA:650,0
DA:651,0
DA:653,0
DA:661,1
DA:663,1
DA:667,0
DA:669,0
DA:678,1
DA:685,1
DA:686,1
DA:692,0
DA:694,0
DA:696,0
DA:747,2
DA:748,2
DA:750,0
DA:751,0
DA:755,0
DA:756,0
DA:4234,1
DA:4235,1
LF:41
LH:12
end_of_record
TN:
SF:/home/marco/Documents/Dev/TrabajoFinal/Software/.pio/libdeps/native/googletest/googlemock/include/gmock/gmock-spec-builders.h
FN:1059,1059,_ZNK7testing8internal16TypedExpectationIFiiP17spi_transaction_tEE15repeated_actionEv
FN:1059,1059,_ZNK7testing8internal16TypedExpectationIFiiPKiPiEE15repeated_actionEv
FN:1059,1059,_ZNK7testing8internal16TypedExpectationIFiiPKiiEE15repeated_actionEv
FN:1063,1069,_ZN7testing8internal16TypedExpectationIFiiPKiiEE27MaybeDescribeExtraMatcherToEPSo
FN:1080,1082,_ZNK7testing8internal16TypedExpectationIFiiPKiiEE13ActionAdaptorclEOiOS3_S7_
FN:1087,1087,_ZN7testing8internal16TypedExpectationIFiiPKiiEE9GetHandleEv
FN:1094,1098,_ZNK7testing8internal16TypedExpectationIFiiP17spi_transaction_tEE7MatchesERKSt5tupleIJiS3_EE
FN:1094,1098,_ZNK7testing8internal16TypedExpectationIFiiPKiPiEE7MatchesERKSt5tupleIJiS3_S4_EE
FN:1094,1098,_ZNK7testing8internal16TypedExpectationIFiiPKiiEE7MatchesERKSt5tupleIJiS3_iEE
FN:1102,1112,_ZNK7testing8internal16TypedExpectationIFiiP17spi_transaction_tEE21ShouldHandleArgumentsERKSt5tupleIJiS3_EE
FN:1102,1112,_ZNK7testing8internal16TypedExpectationIFiiPKiPiEE21ShouldHandleArgumentsERKSt5tupleIJiS3_S4_EE
FN:1102,1112,_ZNK7testing8internal16TypedExpectationIFiiPKiiEE21ShouldHandleArgumentsERKSt5tupleIJiS3_iEE
FN:1116,1156,_ZNK7testing8internal16TypedExpectationIFiiP17spi_transaction_tEE20ExplainMatchResultToERKSt5tupleIJiS3_EEPSo
FN:1116,1156,_ZNK7testing8internal16TypedExpectationIFiiPKiPiEE20ExplainMatchResultToERKSt5tupleIJiS3_S4_EEPSo
FN:1116,1156,_ZNK7testing8internal16TypedExpectationIFiiPKiiEE20ExplainMatchResultToERKSt5tupleIJiS3_iEEPSo
FN:1159,1187,_ZNK7testing8internal16TypedExpectationIFiiP17spi_transaction_tEE16GetCurrentActionEPKNS0_14FunctionMockerIS4_EERKSt5tupleIJiS3_EE
FN:1159,1187,_ZNK7testing8internal16TypedExpectationIFiiPKiPiEE16GetCurrentActionEPKNS0_14FunctionMockerIS5_EERKSt5tupleIJiS3_S4_EE
FN:1159,1187,_ZNK7testing8internal16TypedExpectationIFiiPKiiEE16GetCurrentActionEPKNS0_14FunctionMockerIS4_EERKSt5tupleIJiS3_iEE
FN:1196,1222,_ZN7testing8internal16TypedExpectationIFiiP17spi_transaction_tEE21GetActionForArgumentsEPKNS0_14FunctionMockerIS4_EERKSt5tupleIJiS3_EEPSoSE_
FN:1196,1222,_ZN7testing8internal16TypedExpectationIFiiPKiPiEE21GetActionForArgumentsEPKNS0_14FunctionMockerIS5_EERKSt5tupleIJiS3_S4_EEPSoSF_
FN:1196,1222,_ZN7testing8internal16TypedExpectationIFiiPKiiEE21GetActionForArgumentsEPKNS0_14FunctionMockerIS4_EERKSt5tupleIJiS3_iEEPSoSE_
FN:1259,1261,_ZN7testing8internal8MockSpecIFiiPKiiEEC2EPNS0_14FunctionMockerIS4_EERKSt5tupleIJNS_7MatcherIiEENSA_IS3_EESB_EE
FN:1275,1283,_ZN7testing8internal8MockSpecIFiiPKiiEE18InternalExpectedAtEPKciS7_S7_
FN:1288,1290,_ZN7testing8internal8MockSpecIFiiPKiiEEclERKNS0_15WithoutMatchersEPv
FN:1350,1354,_ZN7testing8internal19PrintAsActionResultIiEEvRKT_RSo
FN:1364,1364,_ZN7testing8internal7CleanupC2ESt8functionIFvvEE
FN:1365,1365,_ZN7testing8internal7CleanupD2Ev
FN:1383,1383,_ZN7testing8internal14FunctionMockerIFiiP17spi_transaction_tEEC2Ev
FN:1383,1383,_ZN7testing8internal14FunctionMockerIFiiPKiPiEEC2Ev
FN:1383,1383,_ZN7testing8internal14FunctionMockerIFiiPKiiEEC2Ev
FN:1403,1408,_ZN7testing8internal14FunctionMockerIFiiP17spi_transaction_tEED0Ev
FN:1403,1408,_ZN7testing8internal14FunctionMockerIFiiP17spi_transaction_tEED2Ev
FN:1403,1408,_ZN7testing8internal14FunctionMockerIFiiPKiPiEED0Ev
FN:1403,1408,_ZN7testing8internal14FunctionMockerIFiiPKiPiEED2Ev
FN:1403,1408,_ZN7testing8internal14FunctionMockerIFiiPKiiEED0Ev
FN:1403,1408,_ZN7testing8internal14FunctionMockerIFiiPKiiEED2Ev
FN:1413,1422,_ZNK7testing8internal14FunctionMockerIFiiP17spi_transaction_tEE14FindOnCallSpecERKSt5tupleIJiS3_EE
FN:1413,1422,_ZNK7testing8internal14FunctionMockerIFiiPKiPiEE14FindOnCallSpecERKSt5tupleIJiS3_S4_EE
FN:1413,1422,_ZNK7testing8internal14FunctionMockerIFiiPKiiEE14FindOnCallSpecERKSt5tupleIJiS3_iEE
FN:1431,1449,_ZNK7testing8internal14FunctionMockerIFiiP17spi_transaction_tEE20PerformDefaultActionEOSt5tupleIJiS3_EERKNSt7__cxx1112basic_stringIcSt11char_traitsIcESaIcEEE
FN:1431,1449,_ZNK7testing8internal14FunctionMockerIFiiPKiPiEE20PerformDefaultActionEOSt5tupleIJiS3_S4_EERKNSt7__cxx1112basic_stringIcSt11char_traitsIcESaIcEEE
FN:1431,1449,_ZNK7testing8internal14FunctionMockerIFiiPKiiEE20PerformDefaultActionEOSt5tupleIJiS3_iEERKNSt7__cxx1112basic_stringIcSt11char_traitsIcESaIcEEE
FN:1453,1476,_ZN7testing8internal14FunctionMockerIFiiP17spi_transaction_tEE25ClearDefaultActionsLockedEv
FN:1453,1476,_ZN7testing8internal14FunctionMockerIFiiPKiPiEE25ClearDefaultActionsLockedEv
FN:1453,1476,_ZN7testing8internal14FunctionMockerIFiiPKiiEE25ClearDefaultActionsLockedEv
FN:1481,1483,_ZN7testing8internal14FunctionMockerIFiiP17spi_transaction_tEE6InvokeEiS3_
FN:1481,1483,_ZN7testing8internal14FunctionMockerIFiiPKiPiEE6InvokeEiS3_S4_
FN:1481,1483,_ZN7testing8internal14FunctionMockerIFiiPKiiEE6InvokeEiS3_i
FN:1485,1487,_ZN7testing8internal14FunctionMockerIFiiPKiiEE4WithENS_7MatcherIiEENS6_IS3_EES7_
FN:1504,1523,_ZN7testing8internal14FunctionMockerIFiiPKiiEE17AddNewExpectationEPKciRKNSt7__cxx1112basic_stringIcSt11char_traitsIcESaIcEEERKSt5tupleIJNS_7MatcherIiEENSH_IS3_EESI_EE
FN:1534,1545,_ZNK7testing8internal14FunctionMockerIFiiP17spi_transaction_tEE23DescribeDefaultActionToERKSt5tupleIJiS3_EEPSo
FN:1534,1545,_ZNK7testing8internal14FunctionMockerIFiiPKiPiEE23DescribeDefaultActionToERKSt5tupleIJiS3_S4_EEPSo
FN:1534,1545,_ZNK7testing8internal14FunctionMockerIFiiPKiiEE23DescribeDefaultActionToERKSt5tupleIJiS3_iEEPSo
FN:1550,1559,_ZNK7testing8internal14FunctionMockerIFiiP17spi_transaction_tEE32UntypedDescribeUninterestingCallEPKvPSo
FN:1550,1559,_ZNK7testing8internal14FunctionMockerIFiiPKiPiEE32UntypedDescribeUninterestingCallEPKvPSo
FN:1550,1559,_ZNK7testing8internal14FunctionMockerIFiiPKiiEE32UntypedDescribeUninterestingCallEPKvPSo
FN:1577,1599,_ZN7testing8internal14FunctionMockerIFiiP17spi_transaction_tEE30UntypedFindMatchingExpectationEPKvPS7_PbPSoSA_
FN:1577,1599,_ZN7testing8internal14FunctionMockerIFiiPKiPiEE30UntypedFindMatchingExpectationEPKvPS8_PbPSoSB_
FN:1577,1599,_ZN7testing8internal14FunctionMockerIFiiPKiiEE30UntypedFindMatchingExpectationEPKvPS7_PbPSoSA_
FN:1602,1607,_ZNK7testing8internal14FunctionMockerIFiiP17spi_transaction_tEE16UntypedPrintArgsEPKvPSo
FN:1602,1607,_ZNK7testing8internal14FunctionMockerIFiiPKiPiEE16UntypedPrintArgsEPKvPSo
FN:1602,1607,_ZNK7testing8internal14FunctionMockerIFiiPKiiEE16UntypedPrintArgsEPKvPSo
FN:1611,1626,_ZNK7testing8internal14FunctionMockerIFiiP17spi_transaction_tEE29FindMatchingExpectationLockedERKSt5tupleIJiS3_EE
FN:1611,1626,_ZNK7testing8internal14FunctionMockerIFiiPKiPiEE29FindMatchingExpectationLockedERKSt5tupleIJiS3_S4_EE
FN:1611,1626,_ZNK7testing8internal14FunctionMockerIFiiPKiiEE29FindMatchingExpectationLockedERKSt5tupleIJiS3_iEE
FN:1629,1637,_ZNK7testing8internal14FunctionMockerIFiiP17spi_transaction_tEE33FormatUnexpectedCallMessageLockedERKSt5tupleIJiS3_EEPSoSA_
FN:1629,1637,_ZNK7testing8internal14FunctionMockerIFiiPKiPiEE33FormatUnexpectedCallMessageLockedERKSt5tupleIJiS3_S4_EEPSoSB_
FN:1629,1637,_ZNK7testing8internal14FunctionMockerIFiiPKiiEE33FormatUnexpectedCallMessageLockedERKSt5tupleIJiS3_iEEPSoSA_
FN:1641,1662,_ZNK7testing8internal14FunctionMockerIFiiP17spi_transaction_tEE28PrintTriedExpectationsLockedERKSt5tupleIJiS3_EEPSo
FN:1641,1662,_ZNK7testing8internal14FunctionMockerIFiiPKiPiEE28PrintTriedExpectationsLockedERKSt5tupleIJiS3_S4_EEPSo
FN:1641,1662,_ZNK7testing8internal14FunctionMockerIFiiPKiiEE28PrintTriedExpectationsLockedERKSt5tupleIJiS3_iEEPSo
FN:1667,1677,_ZNK7testing8internal14FunctionMockerIFiiP17spi_transaction_tEE13PerformActionEPKvOSt5tupleIJiS3_EERKNSt7__cxx1112basic_stringIcSt11char_traitsIcESaIcEEE
FN:1667,1677,_ZNK7testing8internal14FunctionMockerIFiiPKiPiEE13PerformActionEPKvOSt5tupleIJiS3_S4_EERKNSt7__cxx1112basic_stringIcSt11char_traitsIcESaIcEEE
FN:1667,1677,_ZNK7testing8internal14FunctionMockerIFiiPKiiEE13PerformActionEPKvOSt5tupleIJiS3_iEERKNSt7__cxx1112basic_stringIcSt11char_traitsIcESaIcEEE
FN:1692,1700,_ZN7testing8internal14FunctionMockerIFiiP17spi_transaction_tEE27PerformActionAndPrintResultIiLi0EEEiPKvOSt5tupleIJiS3_EERKNSt7__cxx1112basic_stringIcSt11char_traitsIcESaIcEEERSo
FN:1692,1700,_ZN7testing8internal14FunctionMockerIFiiPKiPiEE27PerformActionAndPrintResultIiLi0EEEiPKvOSt5tupleIJiS3_S4_EERKNSt7__cxx1112basic_stringIcSt11char_traitsIcESaIcEEERSo
FN:1692,1700,_ZN7testing8internal14FunctionMockerIFiiPKiiEE27PerformActionAndPrintResultIiLi0EEEiPKvOSt5tupleIJiS3_iEERKNSt7__cxx1112basic_stringIcSt11char_traitsIcESaIcEEERSo
FN:1723,1833,_ZN7testing8internal14FunctionMockerIFiiP17spi_transaction_tEE10InvokeWithEOSt5tupleIJiS3_EE
FN:1723,1833,_ZN7testing8internal14FunctionMockerIFiiPKiPiEE10InvokeWithEOSt5tupleIJiS3_S4_EE
FN:1723,1833,_ZN7testing8internal14FunctionMockerIFiiPKiiEE10InvokeWithEOSt5tupleIJiS3_iEE
FN:1770,1770,_ZZN7testing8internal14FunctionMockerIFiiP17spi_transaction_tEE10InvokeWithEOSt5tupleIJiS3_EEENKUlvE_clEv
FN:1770,1770,_ZZN7testing8internal14FunctionMockerIFiiPKiPiEE10InvokeWithEOSt5tupleIJiS3_S4_EEENKUlvE_clEv
FN:1770,1770,_ZZN7testing8internal14FunctionMockerIFiiPKiiEE10InvokeWithEOSt5tupleIJiS3_iEEENKUlvE_clEv
FN:1814,1814,_ZZN7testing8internal14FunctionMockerIFiiP17spi_transaction_tEE10InvokeWithEOSt5tupleIJiS3_EEENKUlvE0_clEv
FN:1814,1814,_ZZN7testing8internal14FunctionMockerIFiiPKiPiEE10InvokeWithEOSt5tupleIJiS3_S4_EEENKUlvE0_clEv
FN:1814,1814,_ZZN7testing8internal14FunctionMockerIFiiPKiiEE10InvokeWithEOSt5tupleIJiS3_iEEENKUlvE0_clEv
FN:242,242,_ZNK7testing8internal21UntypedOnCallSpecBase4fileEv
FN:243,243,_ZNK7testing8internal21UntypedOnCallSpecBase4lineEv
FN:256,259,_ZNK7testing8internal21UntypedOnCallSpecBase18AssertSpecPropertyEbRKNSt7__cxx1112basic_stringIcSt11char_traitsIcESaIcEEE
FN:319,321,_ZNK7testing8internal10OnCallSpecIFiiP17spi_transaction_tEE7MatchesERKSt5tupleIJiS3_EE
FN:319,321,_ZNK7testing8internal10OnCallSpecIFiiPKiPiEE7MatchesERKSt5tupleIJiS3_S4_EE
FN:319,321,_ZNK7testing8internal10OnCallSpecIFiiPKiiEE7MatchesERKSt5tupleIJiS3_iEE
FN:324,329,_ZNK7testing8internal10OnCallSpecIFiiP17spi_transaction_tEE9GetActionEv
FN:324,329,_ZNK7testing8internal10OnCallSpecIFiiPKiPiEE9GetActionEv
FN:324,329,_ZNK7testing8internal10OnCallSpecIFiiPKiiEE9GetActionEv
FN:535,537,_ZNK7testing11Expectation16expectation_baseEv
FN:565,565,_ZN7testing14ExpectationSetC2Ev
FN:601,601,_ZNK7testing14ExpectationSet5beginEv
FN:602,602,_ZNK7testing14ExpectationSet3endEv
FN:689,689,_ZNK7testing8internal15ExpectationBase4fileEv
FN:690,690,_ZNK7testing8internal15ExpectationBase4lineEv
FN:691,691,_ZNK7testing8internal15ExpectationBase11source_textEv
FN:693,693,_ZNK7testing8internal15ExpectationBase11cardinalityEv
FN:696,698,_ZNK7testing8internal15ExpectationBase18DescribeLocationToEPSo
FN:738,741,_ZNK7testing8internal15ExpectationBase18ExpectSpecPropertyEbRKNSt7__cxx1112basic_stringIcSt11char_traitsIcESaIcEEE
FN:749,749,_ZNK7testing8internal15ExpectationBase21cardinality_specifiedEv
FN:752,754,_ZN7testing8internal15ExpectationBase15set_cardinalityERKNS_11CardinalityE
FN:764,767,_ZNK7testing8internal15ExpectationBase10is_retiredEv
FN:770,773,_ZN7testing8internal15ExpectationBase6RetireEv
FN:782,785,_ZNK7testing8internal15ExpectationBase11IsSaturatedEv
FN:803,806,_ZNK7testing8internal15ExpectationBase10call_countEv
FN:809,812,_ZN7testing8internal15ExpectationBase18IncrementCallCountEv
FN:872,882,_ZN7testing8internal16TypedExpectationIFiiPKiiEEC2EPNS0_14FunctionMockerIS4_EEPKciRKNSt7__cxx1112basic_stringIcSt11char_traitsIcESaIcEEERKSt5tupleIJNS_7MatcherIiEENSK_IS3_EESL_EE
FN:884,892,_ZN7testing8internal16TypedExpectationIFiiPKiiEED0Ev
FN:884,892,_ZN7testing8internal16TypedExpectationIFiiPKiiEED2Ev
FN:913,916,_ZN7testing8internal16TypedExpectationIFiiPKiiEE5TimesERKNS_11CardinalityE
FN:919,919,_ZN7testing8internal16TypedExpectationIFiiPKiiEE5TimesEi
FN:981,988,_ZN7testing8internal16TypedExpectationIFiiPKiiEE8WillOnceENS_10OnceActionIS4_EE
FN:996,1008,_ZN7testing8internal16TypedExpectationIFiiPKiiEE8WillOnceIJEvEERS5_NS_6ActionIS4_EE
FNDA:0,_ZNK7testing8internal16TypedExpectationIFiiP17spi_transaction_tEE15repeated_actionEv
FNDA:0,_ZNK7testing8internal16TypedExpectationIFiiPKiPiEE15repeated_actionEv
FNDA:0,_ZNK7testing8internal16TypedExpectationIFiiPKiiEE15repeated_actionEv
FNDA:0,_ZN7testing8internal16TypedExpectationIFiiPKiiEE27MaybeDescribeExtraMatcherToEPSo
FNDA:1,_ZNK7testing8internal16TypedExpectationIFiiPKiiEE13ActionAdaptorclEOiOS3_S7_
FNDA:0,_ZN7testing8internal16TypedExpectationIFiiPKiiEE9GetHandleEv
FNDA:0,_ZNK7testing8internal16TypedExpectationIFiiP17spi_transaction_tEE7MatchesERKSt5tupleIJiS3_EE
FNDA:0,_ZNK7testing8internal16TypedExpectationIFiiPKiPiEE7MatchesERKSt5tupleIJiS3_S4_EE
FNDA:1,_ZNK7testing8internal16TypedExpectationIFiiPKiiEE7MatchesERKSt5tupleIJiS3_iEE
FNDA:0,_ZNK7testing8internal16TypedExpectationIFiiP17spi_transaction_tEE21ShouldHandleArgumentsERKSt5tupleIJiS3_EE
FNDA:0,_ZNK7testing8internal16TypedExpectationIFiiPKiPiEE21ShouldHandleArgumentsERKSt5tupleIJiS3_S4_EE
FNDA:1,_ZNK7testing8internal16TypedExpectationIFiiPKiiEE21ShouldHandleArgumentsERKSt5tupleIJiS3_iEE
FNDA:0,_ZNK7testing8internal16TypedExpectationIFiiP17spi_transaction_tEE20ExplainMatchResultToERKSt5tupleIJiS3_EEPSo
FNDA:0,_ZNK7testing8internal16TypedExpectationIFiiPKiPiEE20ExplainMatchResultToERKSt5tupleIJiS3_S4_EEPSo
FNDA:0,_ZNK7testing8internal16TypedExpectationIFiiPKiiEE20ExplainMatchResultToERKSt5tupleIJiS3_iEEPSo
FNDA:0,_ZNK7testing8internal16TypedExpectationIFiiP17spi_transaction_tEE16GetCurrentActionEPKNS0_14FunctionMockerIS4_EERKSt5tupleIJiS3_EE
FNDA:0,_ZNK7testing8internal16TypedExpectationIFiiPKiPiEE16GetCurrentActionEPKNS0_14FunctionMockerIS5_EERKSt5tupleIJiS3_S4_EE
FNDA:1,_ZNK7testing8internal16TypedExpectationIFiiPKiiEE16GetCurrentActionEPKNS0_14FunctionMockerIS4_EERKSt5tupleIJiS3_iEE
FNDA:0,_ZN7testing8internal16TypedExpectationIFiiP17spi_transaction_tEE21GetActionForArgumentsEPKNS0_14FunctionMockerIS4_EERKSt5tupleIJiS3_EEPSoSE_
FNDA:0,_ZN7testing8internal16TypedExpectationIFiiPKiPiEE21GetActionForArgumentsEPKNS0_14FunctionMockerIS5_EERKSt5tupleIJiS3_S4_EEPSoSF_
FNDA:1,_ZN7testing8internal16TypedExpectationIFiiPKiiEE21GetActionForArgumentsEPKNS0_14FunctionMockerIS4_EERKSt5tupleIJiS3_iEEPSoSE_
FNDA:1,_ZN7testing8internal8MockSpecIFiiPKiiEEC2EPNS0_14FunctionMockerIS4_EERKSt5tupleIJNS_7MatcherIiEENSA_IS3_EESB_EE
FNDA:1,_ZN7testing8internal8MockSpecIFiiPKiiEE18InternalExpectedAtEPKciS7_S7_
FNDA:1,_ZN7testing8internal8MockSpecIFiiPKiiEEclERKNS0_15WithoutMatchersEPv
FNDA:0,_ZN7testing8internal19PrintAsActionResultIiEEvRKT_RSo
FNDA:0,_ZN7testing8internal7CleanupC2ESt8functionIFvvEE
FNDA:0,_ZN7testing8internal7CleanupD2Ev
FNDA:1,_ZN7testing8internal14FunctionMockerIFiiP17spi_transaction_tEEC2Ev
FNDA:1,_ZN7testing8internal14FunctionMockerIFiiPKiPiEEC2Ev
FNDA:1,_ZN7testing8internal14FunctionMockerIFiiPKiiEEC2Ev
FNDA:0,_ZN7testing8internal14FunctionMockerIFiiP17spi_transaction_tEED0Ev
FNDA:1,_ZN7testing8internal14FunctionMockerIFiiP17spi_transaction_tEED2Ev
FNDA:0,_ZN7testing8internal14FunctionMockerIFiiPKiPiEED0Ev
FNDA:1,_ZN7testing8internal14FunctionMockerIFiiPKiPiEED2Ev
FNDA:0,_ZN7testing8internal14FunctionMockerIFiiPKiiEED0Ev
FNDA:1,_ZN7testing8internal14FunctionMockerIFiiPKiiEED2Ev
FNDA:0,_ZNK7testing8internal14FunctionMockerIFiiP17spi_transaction_tEE14FindOnCallSpecERKSt5tupleIJiS3_EE
FNDA:0,_ZNK7testing8internal14FunctionMockerIFiiPKiPiEE14FindOnCallSpecERKSt5tupleIJiS3_S4_EE
FNDA:0,_ZNK7testing8internal14FunctionMockerIFiiPKiiEE14FindOnCallSpecERKSt5tupleIJiS3_iEE
FNDA:0,_ZNK7testing8internal14FunctionMockerIFiiP17spi_transaction_tEE20PerformDefaultActionEOSt5tupleIJiS3_EERKNSt7__cxx1112basic_stringIcSt11char_traitsIcESaIcEEE
FNDA:0,_ZNK7testing8internal14FunctionMockerIFiiPKiPiEE20PerformDefaultActionEOSt5tupleIJiS3_S4_EERKNSt7__cxx1112basic_stringIcSt11char_traitsIcESaIcEEE
FNDA:0,_ZNK7testing8internal14FunctionMockerIFiiPKiiEE20PerformDefaultActionEOSt5tupleIJiS3_iEERKNSt7__cxx1112basic_stringIcSt11char_traitsIcESaIcEEE
FNDA:1,_ZN7testing8internal14FunctionMockerIFiiP17spi_transaction_tEE25ClearDefaultActionsLockedEv
FNDA:1,_ZN7testing8internal14FunctionMockerIFiiPKiPiEE25ClearDefaultActionsLockedEv
FNDA:1,_ZN7testing8internal14FunctionMockerIFiiPKiiEE25ClearDefaultActionsLockedEv
FNDA:0,_ZN7testing8internal14FunctionMockerIFiiP17spi_transaction_tEE6InvokeEiS3_
FNDA:0,_ZN7testing8internal14FunctionMockerIFiiPKiPiEE6InvokeEiS3_S4_
FNDA:1,_ZN7testing8internal14FunctionMockerIFiiPKiiEE6InvokeEiS3_i
FNDA:1,_ZN7testing8internal14FunctionMockerIFiiPKiiEE4WithENS_7MatcherIiEENS6_IS3_EES7_
FNDA:1,_ZN7testing8internal14FunctionMockerIFiiPKiiEE17AddNewExpectationEPKciRKNSt7__cxx1112basic_stringIcSt11char_traitsIcESaIcEEERKSt5tupleIJNS_7MatcherIiEENSH_IS3_EESI_EE
FNDA:0,_ZNK7testing8internal14FunctionMockerIFiiP17spi_transaction_tEE23DescribeDefaultActionToERKSt5tupleIJiS3_EEPSo
FNDA:0,_ZNK7testing8internal14FunctionMockerIFiiPKiPiEE23DescribeDefaultActionToERKSt5tupleIJiS3_S4_EEPSo
FNDA:0,_ZNK7testing8internal14FunctionMockerIFiiPKiiEE23DescribeDefaultActionToERKSt5tupleIJiS3_iEEPSo
FNDA:0,_ZNK7testing8internal14FunctionMockerIFiiP17spi_transaction_tEE32UntypedDescribeUninterestingCallEPKvPSo
FNDA:0,_ZNK7testing8internal14FunctionMockerIFiiPKiPiEE32UntypedDescribeUninterestingCallEPKvPSo
FNDA:0,_ZNK7testing8internal14FunctionMockerIFiiPKiiEE32UntypedDescribeUninterestingCallEPKvPSo
FNDA:0,_ZN7testing8internal14FunctionMockerIFiiP17spi_transaction_tEE30UntypedFindMatchingExpectationEPKvPS7_PbPSoSA_
FNDA:0,_ZN7testing8internal14FunctionMockerIFiiPKiPiEE30UntypedFindMatchingExpectationEPKvPS8_PbPSoSB_
FNDA:1,_ZN7testing8internal14FunctionMockerIFiiPKiiEE30UntypedFindMatchingExpectationEPKvPS7_PbPSoSA_
FNDA:0,_ZNK7testing8internal14FunctionMockerIFiiP17spi_transaction_tEE16UntypedPrintArgsEPKvPSo
FNDA:0,_ZNK7testing8internal14FunctionMockerIFiiPKiPiEE16UntypedPrintArgsEPKvPSo
FNDA:0,_ZNK7testing8internal14FunctionMockerIFiiPKiiEE16UntypedPrintArgsEPKvPSo
FNDA:0,_ZNK7testing8internal14FunctionMockerIFiiP17spi_transaction_tEE29FindMatchingExpectationLockedERKSt5tupleIJiS3_EE
FNDA:0,_ZNK7testing8internal14FunctionMockerIFiiPKiPiEE29FindMatchingExpectationLockedERKSt5tupleIJiS3_S4_EE
FNDA:1,_ZNK7testing8internal14FunctionMockerIFiiPKiiEE29FindMatchingExpectationLockedERKSt5tupleIJiS3_iEE
FNDA:0,_ZNK7testing8internal14FunctionMockerIFiiP17spi_transaction_tEE33FormatUnexpectedCallMessageLockedERKSt5tupleIJiS3_EEPSoSA_
FNDA:0,_ZNK7testing8internal14FunctionMockerIFiiPKiPiEE33FormatUnexpectedCallMessageLockedERKSt5tupleIJiS3_S4_EEPSoSB_
FNDA:0,_ZNK7testing8internal14FunctionMockerIFiiPKiiEE33FormatUnexpectedCallMessageLockedERKSt5tupleIJiS3_iEEPSoSA_
FNDA:0,_ZNK7testing8internal14FunctionMockerIFiiP17spi_transaction_tEE28PrintTriedExpectationsLockedERKSt5tupleIJiS3_EEPSo
FNDA:0,_ZNK7testing8internal14FunctionMockerIFiiPKiPiEE28PrintTriedExpectationsLockedERKSt5tupleIJiS3_S4_EEPSo
FNDA:0,_ZNK7testing8internal14FunctionMockerIFiiPKiiEE28PrintTriedExpectationsLockedERKSt5tupleIJiS3_iEEPSo
FNDA:0,_ZNK7testing8internal14FunctionMockerIFiiP17spi_transaction_tEE13PerformActionEPKvOSt5tupleIJiS3_EERKNSt7__cxx1112basic_stringIcSt11char_traitsIcESaIcEEE
FNDA:0,_ZNK7testing8internal14FunctionMockerIFiiPKiPiEE13PerformActionEPKvOSt5tupleIJiS3_S4_EERKNSt7__cxx1112basic_stringIcSt11char_traitsIcESaIcEEE
FNDA:1,_ZNK7testing8internal14FunctionMockerIFiiPKiiEE13PerformActionEPKvOSt5tupleIJiS3_iEERKNSt7__cxx1112basic_stringIcSt11char_traitsIcESaIcEEE
FNDA:0,_ZN7testing8internal14FunctionMockerIFiiP17spi_transaction_tEE27PerformActionAndPrintResultIiLi0EEEiPKvOSt5tupleIJiS3_EERKNSt7__cxx1112basic_stringIcSt11char_traitsIcESaIcEEERSo
FNDA:0,_ZN7testing8internal14FunctionMockerIFiiPKiPiEE27PerformActionAndPrintResultIiLi0EEEiPKvOSt5tupleIJiS3_S4_EERKNSt7__cxx1112basic_stringIcSt11char_traitsIcESaIcEEERSo
FNDA:0,_ZN7testing8internal14FunctionMockerIFiiPKiiEE27PerformActionAndPrintResultIiLi0EEEiPKvOSt5tupleIJiS3_iEERKNSt7__cxx1112basic_stringIcSt11char_traitsIcESaIcEEERSo
FNDA:0,_ZN7testing8internal14FunctionMockerIFiiP17spi_transaction_tEE10InvokeWithEOSt5tupleIJiS3_EE
FNDA:0,_ZN7testing8internal14FunctionMockerIFiiPKiPiEE10InvokeWithEOSt5tupleIJiS3_S4_EE
FNDA:1,_ZN7testing8internal14FunctionMockerIFiiPKiiEE10InvokeWithEOSt5tupleIJiS3_iEE
FNDA:0,_ZZN7testing8internal14FunctionMockerIFiiP17spi_transaction_tEE10InvokeWithEOSt5tupleIJiS3_EEENKUlvE_clEv
FNDA:0,_ZZN7testing8internal14FunctionMockerIFiiPKiPiEE10InvokeWithEOSt5tupleIJiS3_S4_EEENKUlvE_clEv
FNDA:0,_ZZN7testing8internal14FunctionMockerIFiiPKiiEE10InvokeWithEOSt5tupleIJiS3_iEEENKUlvE_clEv
FNDA:0,_ZZN7testing8internal14FunctionMockerIFiiP17spi_transaction_tEE10InvokeWithEOSt5tupleIJiS3_EEENKUlvE0_clEv
FNDA:0,_ZZN7testing8internal14FunctionMockerIFiiPKiPiEE10InvokeWithEOSt5tupleIJiS3_S4_EEENKUlvE0_clEv
FNDA:0,_ZZN7testing8internal14FunctionMockerIFiiPKiiEE10InvokeWithEOSt5tupleIJiS3_iEEENKUlvE0_clEv
FNDA:0,_ZNK7testing8internal21UntypedOnCallSpecBase4fileEv
FNDA:0,_ZNK7testing8internal21UntypedOnCallSpecBase4lineEv
FNDA:0,_ZNK7testing8internal21UntypedOnCallSpecBase18AssertSpecPropertyEbRKNSt7__cxx1112basic_stringIcSt11char_traitsIcESaIcEEE
FNDA:0,_ZNK7testing8internal10OnCallSpecIFiiP17spi_transaction_tEE7MatchesERKSt5tupleIJiS3_EE
FNDA:0,_ZNK7testing8internal10OnCallSpecIFiiPKiPiEE7MatchesERKSt5tupleIJiS3_S4_EE
FNDA:0,_ZNK7testing8internal10OnCallSpecIFiiPKiiEE7MatchesERKSt5tupleIJiS3_iEE
FNDA:0,_ZNK7testing8internal10OnCallSpecIFiiP17spi_transaction_tEE9GetActionEv
FNDA:0,_ZNK7testing8internal10OnCallSpecIFiiPKiPiEE9GetActionEv
FNDA:0,_ZNK7testing8internal10OnCallSpecIFiiPKiiEE9GetActionEv
FNDA:0,_ZNK7testing11Expectation16expectation_baseEv
FNDA:1,_ZN7testing14ExpectationSetC2Ev
FNDA:2,_ZNK7testing14ExpectationSet5beginEv
FNDA:2,_ZNK7testing14ExpectationSet3endEv
FNDA:0,_ZNK7testing8internal15ExpectationBase4fileEv
FNDA:0,_ZNK7testing8internal15ExpectationBase4lineEv
FNDA:1,_ZNK7testing8internal15ExpectationBase11source_textEv
FNDA:6,_ZNK7testing8internal15ExpectationBase11cardinalityEv
FNDA:0,_ZNK7testing8internal15ExpectationBase18DescribeLocationToEPSo
FNDA:2,_ZNK7testing8internal15ExpectationBase18ExpectSpecPropertyEbRKNSt7__cxx1112basic_stringIcSt11char_traitsIcESaIcEEE
FNDA:1,_ZNK7testing8internal15ExpectationBase21cardinality_specifiedEv
FNDA:0,_ZN7testing8internal15ExpectationBase15set_cardinalityERKNS_11CardinalityE
FNDA:2,_ZNK7testing8internal15ExpectationBase10is_retiredEv
FNDA:0,_ZN7testing8internal15ExpectationBase6RetireEv
FNDA:2,_ZNK7testing8internal15ExpectationBase11IsSaturatedEv
FNDA:1,_ZNK7testing8internal15ExpectationBase10call_countEv
FNDA:1,_ZN7testing8internal15ExpectationBase18IncrementCallCountEv
FNDA:1,_ZN7testing8internal16TypedExpectationIFiiPKiiEEC2EPNS0_14FunctionMockerIS4_EEPKciRKNSt7__cxx1112basic_stringIcSt11char_traitsIcESaIcEEERKSt5tupleIJNS_7MatcherIiEENSK_IS3_EESL_EE
FNDA:1,_ZN7testing8internal16TypedExpectationIFiiPKiiEED0Ev
FNDA:1,_ZN7testing8internal16TypedExpectationIFiiPKiiEED2Ev
FNDA:1,_ZN7testing8internal16TypedExpectationIFiiPKiiEE5TimesERKNS_11CardinalityE
FNDA:1,_ZN7testing8internal16TypedExpectationIFiiPKiiEE5TimesEi
FNDA:1,_ZN7testing8internal16TypedExpectationIFiiPKiiEE8WillOnceENS_10OnceActionIS4_EE
FNDA:1,_ZN7testing8internal16TypedExpectationIFiiPKiiEE8WillOnceIJEvEERS5_NS_6ActionIS4_EE
FNF:119
FNH:42
DA:242,0
DA:243,0
DA:256,0
DA:258,0
DA:259,0
DA:319,0
DA:320,0
DA:324,0
DA:325,0
DA:328,0
DA:535,0
DA:536,0
DA:565,1
DA:601,2
DA:602,2
DA:689,0
DA:690,0
DA:691,1
DA:693,6
DA:696,0
DA:697,0
DA:698,0
DA:738,2
DA:740,2
DA:741,2
DA:749,1
DA:752,0
DA:753,0
DA:754,0
DA:764,2
DA:765,2
DA:766,2
DA:770,0
DA:771,0
DA:772,0
DA:773,0
DA:782,2
DA:783,2
DA:784,2
DA:803,1
DA:804,1
DA:805,1
DA:809,1
DA:810,1
DA:811,1
DA:812,1
DA:872,1
DA:876,1
DA:877,1
DA:881,1
DA:882,2
DA:884,2
DA:887,1
DA:888,1
DA:889,2
DA:890,1
DA:892,3
DA:913,1
DA:914,1
DA:915,1
DA:919,1
DA:981,1
DA:985,2
DA:986,1
DA:987,2
DA:988,1
DA:996,1
DA:997,2
DA:1000,1
DA:1002,1
DA:1004,1
DA:1005,0
DA:1007,1
DA:1059,0
DA:1063,0
DA:1064,0
DA:1065,0
DA:1066,0
DA:1067,0
DA:1069,0
DA:1080,1
DA:1081,1
DA:1087,0
DA:1094,1
DA:1096,1
DA:1097,1
DA:1102,1
DA:1104,1
DA:1110,1
DA:1111,1
DA:1116,0
DA:1118,0
DA:1120,0
DA:1122,0
DA:1123,0
DA:1124,0
DA:1125,0
DA:1127,0
DA:1128,0
DA:1129,0
DA:1130,0
DA:1131,0
DA:1133,0
DA:1134,0
DA:1136,0
DA:1139,0
DA:1140,0
DA:1141,0
DA:1142,0
DA:1143,0
DA:1144,0
DA:1145,0
DA:1146,0
DA:1148,0
DA:1149,0
DA:1154,0
DA:1156,0
DA:1159,1
DA:1162,1
DA:1163,1
DA:1164,1
DA:1168,1
DA:1169,1
DA:1173,0
DA:1174,0
DA:1176,0
DA:1178,0
DA:1179,0
DA:1180,0
DA:1181,0
DA:1184,2
DA:1185,1
DA:1186,1
DA:1196,1
DA:1201,1
DA:1202,1
DA:1204,0
DA:1205,0
DA:1206,0
DA:1207,0
DA:1209,0
DA:1212,1
DA:1213,1
DA:1215,1
DA:1216,0
DA:1220,1
DA:1221,1
DA:1259,1
DA:1261,1
DA:1275,1
DA:1278,1
DA:1280,1
DA:1281,2
DA:1282,2
DA:1283,1
DA:1288,1
DA:1289,1
DA:1350,0
DA:1351,0
DA:1353,0
DA:1354,0
DA:1364,0
DA:1365,0
DA:1383,3
DA:1403,3
DA:1404,3
DA:1405,3
DA:1406,3
DA:1407,3
DA:1408,6
DA:1413,0
DA:1414,0
DA:1416,0
DA:1417,0
DA:1418,0
DA:1421,0
DA:1431,0
DA:1433,0
DA:1434,0
DA:1435,0
DA:1437,0
DA:1442,0
DA:1443,0
DA:1448,0
DA:1449,0
DA:1453,3
DA:1455,3
DA:1464,3
DA:1465,3
DA:1467,3
DA:1468,3
DA:1469,3
DA:1470,0
DA:1475,3
DA:1476,3
DA:1481,1
DA:1482,1
DA:1485,1
DA:1486,1
DA:1504,1
DA:1508,1
DA:1509,0
DA:1510,1
DA:1511,1
DA:1514,1
DA:1517,1
DA:1518,1
DA:1519,0
DA:1522,1
DA:1523,1
DA:1534,0
DA:1536,0
DA:1538,0
DA:1539,0
DA:1543,0
DA:1545,0
DA:1550,0
DA:1553,0
DA:1555,0
DA:1556,0
DA:1557,0
DA:1558,0
DA:1559,0
DA:1577,1
DA:1581,1
DA:1583,1
DA:1584,1
DA:1585,1
DA:1586,0
DA:1587,0
DA:1593,1
DA:1594,1
DA:1595,1
DA:1596,0
DA:1597,1
DA:1598,1
DA:1599,1
DA:1602,0
DA:1604,0
DA:1606,0
DA:1607,0
DA:1611,1
DA:1613,1
DA:1616,1
DA:1618,1
DA:1620,1
DA:1621,1
DA:1622,1
DA:1625,0
DA:1629,0
DA:1633,0
DA:1634,0
DA:1635,0
DA:1636,0
DA:1637,0
DA:1641,0
DA:1644,0
DA:1645,0
DA:1646,0
DA:1649,0
DA:1650,0
DA:1652,0
DA:1653,0
DA:1654,0
DA:1655,0
DA:1656,0
DA:1658,0
DA:1659,0
DA:1660,0
DA:1662,0
DA:1667,1
DA:1669,1
DA:1670,0
DA:1675,1
DA:1676,1
DA:1677,1
DA:1692,0
DA:1696,0
DA:1698,0
DA:1699,0
DA:1723,1
DA:1727,1
DA:1735,0
DA:1736,0
DA:1741,0
DA:1744,0
DA:1747,0
DA:1748,0
DA:1754,0
DA:1756,0
DA:1757,0
DA:1761,0
DA:1762,0
DA:1769,0
DA:1770,0
DA:1772,0
DA:1773,0
DA:1775,1
DA:1776,1
DA:1777,1
DA:1778,1
DA:1779,1
DA:1784,1
DA:1785,1
DA:1787,1
DA:1793,1
DA:1794,1
DA:1795,1
DA:1797,2
DA:1800,0
DA:1801,0
DA:1805,0
DA:1806,0
DA:1814,0
DA:1815,0
DA:1817,0
DA:1819,0
DA:1820,0
DA:1822,0
DA:1827,0
DA:1831,0
DA:1832,0
DA:1833,1
LF:323
LH:151
end_of_record
TN:
SF:/home/marco/Documents/Dev/TrabajoFinal/Software/.pio/libdeps/native/googletest/googlemock/include/gmock/internal/gmock-internal-utils.h
FN:228,234,_ZN7testing8internal6AssertEbPKciRKNSt7__cxx1112basic_stringIcSt11char_traitsIcESaIcEEE
FN:241,247,_ZN7testing8internal6ExpectEbPKciRKNSt7__cxx1112basic_stringIcSt11char_traitsIcESaIcEEE
FN:419,423,_ZN7testing8internal9ApplyImplIRKSt8functionIFiiP17spi_transaction_tEESt5tupleIJiS4_EEJLm0ELm1EEEEDTclcl7forwardIT_Efp_Espcl3getIXT1_EEcl7forwardIT0_Efp0_EEEEOSB_OSC_NS0_13IndexSequenceIJXspT1_EEEE
FN:419,423,_ZN7testing8internal9ApplyImplIRKSt8functionIFiiPKiPiEESt5tupleIJiS4_S5_EEJLm0ELm1ELm2EEEEDTclcl7forwardIT_Efp_Espcl3getIXT1_EEcl7forwardIT0_Efp0_EEEEOSC_OSD_NS0_13IndexSequenceIJXspT1_EEEE
FN:419,423,_ZN7testing8internal9ApplyImplIRKSt8functionIFiiPKiiEESt5tupleIJiS4_iEEJLm0ELm1ELm2EEEEDTclcl7forwardIT_Efp_Espcl3getIXT1_EEcl7forwardIT0_Efp0_EEEEOSB_OSC_NS0_13IndexSequenceIJXspT1_EEEE
FN:427,434,_ZN7testing8internal5ApplyIRKSt8functionIFiiP17spi_transaction_tEESt5tupleIJiS4_EEEEDTcl9ApplyImplcl7forwardIT_Efp_Ecl7forwardIT0_Efp0_EcvNS0_21MakeIndexSequenceImplIXsrSt10tuple_sizeINSt16remove_referenceISC_E4typeEE5valueEE4typeE_EEEOSB_OSC_
FN:427,434,_ZN7testing8internal5ApplyIRKSt8functionIFiiPKiPiEESt5tupleIJiS4_S5_EEEEDTcl9ApplyImplcl7forwardIT_Efp_Ecl7forwardIT0_Efp0_EcvNS0_21MakeIndexSequenceImplIXsrSt10tuple_sizeINSt16remove_referenceISD_E4typeEE5valueEE4typeE_EEEOSC_OSD_
FN:427,434,_ZN7testing8internal5ApplyIRKSt8functionIFiiPKiiEESt5tupleIJiS4_iEEEEDTcl9ApplyImplcl7forwardIT_Efp_Ecl7forwardIT0_Efp0_EcvNS0_21MakeIndexSequenceImplIXsrSt10tuple_sizeINSt16remove_referenceISC_E4typeEE5valueEE4typeE_EEEOSB_OSC_
FNDA:2,_ZN7testing8internal6AssertEbPKciRKNSt7__cxx1112basic_stringIcSt11char_traitsIcESaIcEEE
FNDA:2,_ZN7testing8internal6ExpectEbPKciRKNSt7__cxx1112basic_stringIcSt11char_traitsIcESaIcEEE
FNDA:0,_ZN7testing8internal9ApplyImplIRKSt8functionIFiiP17spi_transaction_tEESt5tupleIJiS4_EEJLm0ELm1EEEEDTclcl7forwardIT_Efp_Espcl3getIXT1_EEcl7forwardIT0_Efp0_EEEEOSB_OSC_NS0_13IndexSequenceIJXspT1_EEEE
FNDA:0,_ZN7testing8internal9ApplyImplIRKSt8functionIFiiPKiPiEESt5tupleIJiS4_S5_EEJLm0ELm1ELm2EEEEDTclcl7forwardIT_Efp_Espcl3getIXT1_EEcl7forwardIT0_Efp0_EEEEOSC_OSD_NS0_13IndexSequenceIJXspT1_EEEE
FNDA:1,_ZN7testing8internal9ApplyImplIRKSt8functionIFiiPKiiEESt5tupleIJiS4_iEEJLm0ELm1ELm2EEEEDTclcl7forwardIT_Efp_Espcl3getIXT1_EEcl7forwardIT0_Efp0_EEEEOSB_OSC_NS0_13IndexSequenceIJXspT1_EEEE
FNDA:0,_ZN7testing8internal5ApplyIRKSt8functionIFiiP17spi_transaction_tEESt5tupleIJiS4_EEEEDTcl9ApplyImplcl7forwardIT_Efp_Ecl7forwardIT0_Efp0_EcvNS0_21MakeIndexSequenceImplIXsrSt10tuple_sizeINSt16remove_referenceISC_E4typeEE5valueEE4typeE_EEEOSB_OSC_
FNDA:0,_ZN7testing8internal5ApplyIRKSt8functionIFiiPKiPiEESt5tupleIJiS4_S5_EEEEDTcl9ApplyImplcl7forwardIT_Efp_Ecl7forwardIT0_Efp0_EcvNS0_21MakeIndexSequenceImplIXsrSt10tuple_sizeINSt16remove_referenceISD_E4typeEE5valueEE4typeE_EEEOSC_OSD_
FNDA:1,_ZN7testing8internal5ApplyIRKSt8functionIFiiPKiiEESt5tupleIJiS4_iEEEEDTcl9ApplyImplcl7forwardIT_Efp_Ecl7forwardIT0_Efp0_EcvNS0_21MakeIndexSequenceImplIXsrSt10tuple_sizeINSt16remove_referenceISC_E4typeEE5valueEE4typeE_EEEOSB_OSC_
FNF:8
FNH:4
DA:228,2
DA:230,2
DA:231,0
DA:234,2
DA:241,2
DA:243,2
DA:244,0
DA:247,2
DA:419,1
DA:422,1
DA:427,1
DA:431,1
DA:433,1
LF:13
LH:11
end_of_record
TN:
SF:/home/marco/Documents/Dev/TrabajoFinal/Software/.pio/libdeps/native/googletest/googletest/include/gtest/gtest-assertion-result.h
FN:174,174,_ZNK7testing15AssertionResultcvbEv
FN:183,185,_ZNK7testing15AssertionResult7messageEv
FN:187,187,_ZNK7testing15AssertionResult15failure_messageEv
FNDA:1,_ZNK7testing15AssertionResultcvbEv
FNDA:0,_ZNK7testing15AssertionResult7messageEv
FNDA:0,_ZNK7testing15AssertionResult15failure_messageEv
FNF:3
FNH:1
DA:174,1
DA:183,0
DA:184,0
DA:187,0
LF:4
LH:1
end_of_record
TN:
SF:/home/marco/Documents/Dev/TrabajoFinal/Software/.pio/libdeps/native/googletest/googletest/include/gtest/gtest-matchers.h
FN:109,109,_ZN7testing19MatchResultListenerD0Ev
FN:109,109,_ZN7testing19MatchResultListenerD2Ev
FN:115,115,_ZN7testing25MatcherDescriberInterfaceD0Ev
FN:115,115,_ZN7testing25MatcherDescriberInterfaceD2Ev
FN:130,134,_ZNK7testing25MatcherDescriberInterface18DescribeNegationToEPSo
FN:183,185,_ZNK7testing8internal5AnyEqclIiiEEbRKT_RKT0_
FN:221,221,_ZN7testing8internal24DummyMatchResultListenerC2Ev
FN:244,244,_ZN7testing8internal17SharedPayloadBase3RefEv
FN:245,245,_ZN7testing8internal17SharedPayloadBase5UnrefEv
FN:268,271,_ZNK7testing8internal11MatcherBaseIP17spi_transaction_tE15MatchAndExplainERKS3_PNS_19MatchResultListenerE
FN:268,271,_ZNK7testing8internal11MatcherBaseIPKiE15MatchAndExplainERKS3_PNS_19MatchResultListenerE
FN:268,271,_ZNK7testing8internal11MatcherBaseIPiE15MatchAndExplainERKS2_PNS_19MatchResultListenerE
FN:268,271,_ZNK7testing8internal11MatcherBaseIRKSt5tupleIJiP17spi_transaction_tEEE15MatchAndExplainES7_PNS_19MatchResultListenerE
FN:268,271,_ZNK7testing8internal11MatcherBaseIRKSt5tupleIJiPKiPiEEE15MatchAndExplainES8_PNS_19MatchResultListenerE
FN:268,271,_ZNK7testing8internal11MatcherBaseIRKSt5tupleIJiPKiiEEE15MatchAndExplainES7_PNS_19MatchResultListenerE
FN:268,271,_ZNK7testing8internal11MatcherBaseIiE15MatchAndExplainERKiPNS_19MatchResultListenerE
FN:274,277,_ZNK7testing8internal11MatcherBaseIP17spi_transaction_tE7MatchesERKS3_
FN:274,277,_ZNK7testing8internal11MatcherBaseIPKiE7MatchesERKS3_
FN:274,277,_ZNK7testing8internal11MatcherBaseIPiE7MatchesERKS2_
FN:274,277,_ZNK7testing8internal11MatcherBaseIRKSt5tupleIJiP17spi_transaction_tEEE7MatchesES7_
FN:274,277,_ZNK7testing8internal11MatcherBaseIRKSt5tupleIJiPKiPiEEE7MatchesES8_
FN:274,277,_ZNK7testing8internal11MatcherBaseIRKSt5tupleIJiPKiiEEE7MatchesES7_
FN:274,277,_ZNK7testing8internal11MatcherBaseIiE7MatchesERKi
FN:280,283,_ZNK7testing8internal11MatcherBaseIP17spi_transaction_tE10DescribeToEPSo
FN:280,283,_ZNK7testing8internal11MatcherBaseIPKiE10DescribeToEPSo
FN:280,283,_ZNK7testing8internal11MatcherBaseIPiE10DescribeToEPSo
FN:280,283,_ZNK7testing8internal11MatcherBaseIRKSt5tupleIJiP17spi_transaction_tEEE10DescribeToEPSo
FN:280,283,_ZNK7testing8internal11MatcherBaseIRKSt5tupleIJiPKiPiEEE10DescribeToEPSo
FN:280,283,_ZNK7testing8internal11MatcherBaseIRKSt5tupleIJiPKiiEEE10DescribeToEPSo
FN:280,283,_ZNK7testing8internal11MatcherBaseIiE10DescribeToEPSo
FN:286,289,_ZNK7testing8internal11MatcherBaseIP17spi_transaction_tE18DescribeNegationToEPSo
FN:286,289,_ZNK7testing8internal11MatcherBaseIPKiE18DescribeNegationToEPSo
FN:286,289,_ZNK7testing8internal11MatcherBaseIPiE18DescribeNegationToEPSo
FN:286,289,_ZNK7testing8internal11MatcherBaseIRKSt5tupleIJiP17spi_transaction_tEEE18DescribeNegationToEPSo
FN:286,289,_ZNK7testing8internal11MatcherBaseIRKSt5tupleIJiPKiPiEEE18DescribeNegationToEPSo
FN:286,289,_ZNK7testing8internal11MatcherBaseIRKSt5tupleIJiPKiiEEE18DescribeNegationToEPSo
FN:286,289,_ZNK7testing8internal11MatcherBaseIiE18DescribeNegationToEPSo
FN:306,306,_ZN7testing8internal11MatcherBaseIiEC2Ev
FN:317,319,_ZN7testing8internal11MatcherBaseIPKiEC2IRKNS0_15AnythingMatcherEvEEOT_
FN:317,319,_ZN7testing8internal11MatcherBaseIRKSt5tupleIJiPKiiEEEC2IRKNS0_15AnythingMatcherEvEEOT_
FN:317,319,_ZN7testing8internal11MatcherBaseIiEC2INS0_9EqMatcherIiEEvEEOT_
FN:321,324,_ZN7testing8internal11MatcherBaseIP17spi_transaction_tEC2ERKS4_
FN:321,324,_ZN7testing8internal11MatcherBaseIPKiEC2ERKS4_
FN:321,324,_ZN7testing8internal11MatcherBaseIPiEC2ERKS3_
FN:321,324,_ZN7testing8internal11MatcherBaseIiEC2ERKS2_
FN:335,338,_ZN7testing8internal11MatcherBaseIPKiEC2EOS4_
FN:335,338,_ZN7testing8internal11MatcherBaseIiEC2EOS2_
FN:340,347,_ZN7testing8internal11MatcherBaseIiEaSEOS2_
FN:349,349,_ZN7testing8internal11MatcherBaseIP17spi_transaction_tED0Ev
FN:349,349,_ZN7testing8internal11MatcherBaseIP17spi_transaction_tED2Ev
FN:349,349,_ZN7testing8internal11MatcherBaseIPKiED0Ev
FN:349,349,_ZN7testing8internal11MatcherBaseIPKiED2Ev
FN:349,349,_ZN7testing8internal11MatcherBaseIPiED0Ev
FN:349,349,_ZN7testing8internal11MatcherBaseIPiED2Ev
FN:349,349,_ZN7testing8internal11MatcherBaseIRKSt5tupleIJiP17spi_transaction_tEEED0Ev
FN:349,349,_ZN7testing8internal11MatcherBaseIRKSt5tupleIJiP17spi_transaction_tEEED2Ev
FN:349,349,_ZN7testing8internal11MatcherBaseIRKSt5tupleIJiPKiPiEEED0Ev
FN:349,349,_ZN7testing8internal11MatcherBaseIRKSt5tupleIJiPKiPiEEED2Ev
FN:349,349,_ZN7testing8internal11MatcherBaseIRKSt5tupleIJiPKiiEEED0Ev
FN:349,349,_ZN7testing8internal11MatcherBaseIRKSt5tupleIJiPKiiEEED2Ev
FN:349,349,_ZN7testing8internal11MatcherBaseIiED0Ev
FN:349,349,_ZN7testing8internal11MatcherBaseIiED2Ev
FN:363,365,_ZNK7testing8internal11MatcherBaseIP17spi_transaction_tE8IsSharedEv
FN:363,365,_ZNK7testing8internal11MatcherBaseIPKiE8IsSharedEv
FN:363,365,_ZNK7testing8internal11MatcherBaseIPiE8IsSharedEv
FN:363,365,_ZNK7testing8internal11MatcherBaseIRKSt5tupleIJiP17spi_transaction_tEEE8IsSharedEv
FN:363,365,_ZNK7testing8internal11MatcherBaseIRKSt5tupleIJiPKiPiEEE8IsSharedEv
FN:363,365,_ZNK7testing8internal11MatcherBaseIRKSt5tupleIJiPKiiEEE8IsSharedEv
FN:363,365,_ZNK7testing8internal11MatcherBaseIiE8IsSharedEv
FN:369,373,_ZN7testing8internal11MatcherBaseIPKiE19MatchAndExplainImplINS4_11ValuePolicyINS0_15AnythingMatcherELb1EEEEEDTcldtclsrT_3Getfp_E15MatchAndExplainfp0_clptfp1_L_ZNS_19MatchResultListener6streamEvEEEERKS4_RKS3_PSA_
FN:369,373,_ZN7testing8internal11MatcherBaseIRKSt5tupleIJiPKiiEEE19MatchAndExplainImplINS8_11ValuePolicyINS0_15AnythingMatcherELb1EEEEEDTcldtclsrT_3Getfp_E15MatchAndExplainfp0_clptfp1_L_ZNS_19MatchResultListener6streamEvEEEERKS8_S7_PSE_
FN:369,373,_ZN7testing8internal11MatcherBaseIiE19MatchAndExplainImplINS2_11ValuePolicyINS0_9EqMatcherIiEELb1EEEEEDTcldtclsrT_3Getfp_E15MatchAndExplainfp0_clptfp1_L_ZNS_19MatchResultListener6streamEvEEEERKS2_RKiPS9_
FN:383,390,_ZN7testing8internal11MatcherBaseIPKiE12DescribeImplINS4_11ValuePolicyINS0_15AnythingMatcherELb1EEEEEvRKS4_PSob
FN:383,390,_ZN7testing8internal11MatcherBaseIRKSt5tupleIJiPKiiEEE12DescribeImplINS8_11ValuePolicyINS0_15AnythingMatcherELb1EEEEEvRKS8_PSob
FN:383,390,_ZN7testing8internal11MatcherBaseIiE12DescribeImplINS2_11ValuePolicyINS0_9EqMatcherIiEELb1EEEEEvRKS2_PSob
FN:393,406,_ZN7testing8internal11MatcherBaseIPKiE16GetDescriberImplINS4_11ValuePolicyINS0_15AnythingMatcherELb1EEEEEPKNS_25MatcherDescriberInterfaceERKS4_
FN:393,406,_ZN7testing8internal11MatcherBaseIRKSt5tupleIJiPKiiEEE16GetDescriberImplINS8_11ValuePolicyINS0_15AnythingMatcherELb1EEEEEPKNS_25MatcherDescriberInterfaceERKS8_
FN:393,406,_ZN7testing8internal11MatcherBaseIiE16GetDescriberImplINS2_11ValuePolicyINS0_9EqMatcherIiEELb1EEEEEPKNS_25MatcherDescriberInterfaceERKS2_
FN:409,414,_ZN7testing8internal11MatcherBaseIPKiE9GetVTableINS4_11ValuePolicyINS0_15AnythingMatcherELb1EEEEEPKNS4_6VTableEv
FN:409,414,_ZN7testing8internal11MatcherBaseIRKSt5tupleIJiPKiiEEE9GetVTableINS8_11ValuePolicyINS0_15AnythingMatcherELb1EEEEEPKNS8_6VTableEv
FN:409,414,_ZN7testing8internal11MatcherBaseIiE9GetVTableINS2_11ValuePolicyINS0_9EqMatcherIiEELb1EEEEEPKNS2_6VTableEv
FN:425,429,_ZN7testing8internal11MatcherBaseIP17spi_transaction_tE7DestroyEv
FN:425,429,_ZN7testing8internal11MatcherBaseIPKiE7DestroyEv
FN:425,429,_ZN7testing8internal11MatcherBaseIPiE7DestroyEv
FN:425,429,_ZN7testing8internal11MatcherBaseIRKSt5tupleIJiP17spi_transaction_tEEE7DestroyEv
FN:425,429,_ZN7testing8internal11MatcherBaseIRKSt5tupleIJiPKiPiEEE7DestroyEv
FN:425,429,_ZN7testing8internal11MatcherBaseIRKSt5tupleIJiPKiiEEE7DestroyEv
FN:425,429,_ZN7testing8internal11MatcherBaseIiE7DestroyEv
FN:440,446,_ZN7testing8internal11MatcherBaseIPKiE11ValuePolicyINS0_15AnythingMatcherELb1EE3GetERKS4_
FN:440,446,_ZN7testing8internal11MatcherBaseIRKSt5tupleIJiPKiiEEE11ValuePolicyINS0_15AnythingMatcherELb1EE3GetERKS8_
FN:440,446,_ZN7testing8internal11MatcherBaseIiE11ValuePolicyINS0_9EqMatcherIiEELb1EE3GetERKS2_
FN:447,449,_ZN7testing8internal11MatcherBaseIPKiE11ValuePolicyINS0_15AnythingMatcherELb1EE4InitERS4_S6_
FN:447,449,_ZN7testing8internal11MatcherBaseIRKSt5tupleIJiPKiiEEE11ValuePolicyINS0_15AnythingMatcherELb1EE4InitERS8_SA_
FN:447,449,_ZN7testing8internal11MatcherBaseIiE11ValuePolicyINS0_9EqMatcherIiEELb1EE4InitERS2_S5_
FN:481,486,_ZN7testing8internal11MatcherBaseIPKiE4InitIRKNS0_15AnythingMatcherEEEvOT_
FN:481,486,_ZN7testing8internal11MatcherBaseIRKSt5tupleIJiPKiiEEE4InitIRKNS0_15AnythingMatcherEEEvOT_
FN:481,486,_ZN7testing8internal11MatcherBaseIiE4InitINS0_9EqMatcherIiEEEEvOT_
FN:519,519,_ZN7testing7MatcherIPKiEC2IRKNS_8internal15AnythingMatcherEvEEOT_
FN:519,519,_ZN7testing7MatcherIRKSt5tupleIJiPKiiEEEC2IRKNS_8internal15AnythingMatcherEvEEOT_
FN:519,519,_ZN7testing7MatcherIiEC2INS_8internal9EqMatcherIiEEvEEOT_
FN:730,730,_ZN7testing8internal14ComparisonBaseINS0_9EqMatcherIiEEiNS0_5AnyEqEEC2ERKi
FN:735,737,_ZNK7testing8internal14ComparisonBaseINS0_9EqMatcherIiEEiNS0_5AnyEqEE15MatchAndExplainIiEEbRKT_PSo
FN:738,741,_ZNK7testing8internal14ComparisonBaseINS0_9EqMatcherIiEEiNS0_5AnyEqEE10DescribeToEPSo
FN:742,745,_ZNK7testing8internal14ComparisonBaseINS0_9EqMatcherIiEEiNS0_5AnyEqEE18DescribeNegationToEPSo
FN:749,751,_ZN7testing8internal14ComparisonBaseINS0_9EqMatcherIiEEiNS0_5AnyEqEE6UnwrapIiEERKT_S9_
FN:763,764,_ZN7testing8internal9EqMatcherIiEC2ERKi
FN:765,765,_ZN7testing8internal9EqMatcherIiE4DescEv
FN:766,766,_ZN7testing8internal9EqMatcherIiE11NegatedDescEv
FN:82,82,_ZN7testing19MatchResultListenerC2EPSo
FN:895,897,_ZN7testing2EqIiEENS_8internal9EqMatcherIT_EES3_
FN:902,904,_ZN7testing7MatcherIiEC2Ei
FN:94,94,_ZN7testing19MatchResultListener6streamEv
FNDA:0,_ZN7testing19MatchResultListenerD0Ev
FNDA:4,_ZN7testing19MatchResultListenerD2Ev
FNDA:0,_ZN7testing25MatcherDescriberInterfaceD0Ev
FNDA:18,_ZN7testing25MatcherDescriberInterfaceD2Ev
FNDA:0,_ZNK7testing25MatcherDescriberInterface18DescribeNegationToEPSo
FNDA:2,_ZNK7testing8internal5AnyEqclIiiEEbRKT_RKT0_
FNDA:4,_ZN7testing8internal24DummyMatchResultListenerC2Ev
FNDA:0,_ZN7testing8internal17SharedPayloadBase3RefEv
FNDA:0,_ZN7testing8internal17SharedPayloadBase5UnrefEv
FNDA:0,_ZNK7testing8internal11MatcherBaseIP17spi_transaction_tE15MatchAndExplainERKS3_PNS_19MatchResultListenerE
FNDA:1,_ZNK7testing8internal11MatcherBaseIPKiE15MatchAndExplainERKS3_PNS_19MatchResultListenerE
FNDA:0,_ZNK7testing8internal11MatcherBaseIPiE15MatchAndExplainERKS2_PNS_19MatchResultListenerE
FNDA:0,_ZNK7testing8internal11MatcherBaseIRKSt5tupleIJiP17spi_transaction_tEEE15MatchAndExplainES7_PNS_19MatchResultListenerE
FNDA:0,_ZNK7testing8internal11MatcherBaseIRKSt5tupleIJiPKiPiEEE15MatchAndExplainES8_PNS_19MatchResultListenerE
FNDA:1,_ZNK7testing8internal11MatcherBaseIRKSt5tupleIJiPKiiEEE15MatchAndExplainES7_PNS_19MatchResultListenerE
FNDA:2,_ZNK7testing8internal11MatcherBaseIiE15MatchAndExplainERKiPNS_19MatchResultListenerE
FNDA:0,_ZNK7testing8internal11MatcherBaseIP17spi_transaction_tE7MatchesERKS3_
FNDA:1,_ZNK7testing8internal11MatcherBaseIPKiE7MatchesERKS3_
FNDA:0,_ZNK7testing8internal11MatcherBaseIPiE7MatchesERKS2_
FNDA:0,_ZNK7testing8internal11MatcherBaseIRKSt5tupleIJiP17spi_transaction_tEEE7MatchesES7_
FNDA:0,_ZNK7testing8internal11MatcherBaseIRKSt5tupleIJiPKiPiEEE7MatchesES8_
FNDA:1,_ZNK7testing8internal11MatcherBaseIRKSt5tupleIJiPKiiEEE7MatchesES7_
FNDA:2,_ZNK7testing8internal11MatcherBaseIiE7MatchesERKi
FNDA:0,_ZNK7testing8internal11MatcherBaseIP17spi_transaction_tE10DescribeToEPSo
FNDA:0,_ZNK7testing8internal11MatcherBaseIPKiE10DescribeToEPSo
FNDA:0,_ZNK7testing8internal11MatcherBaseIPiE10DescribeToEPSo
FNDA:0,_ZNK7testing8internal11MatcherBaseIRKSt5tupleIJiP17spi_transaction_tEEE10DescribeToEPSo
FNDA:0,_ZNK7testing8internal11MatcherBaseIRKSt5tupleIJiPKiPiEEE10DescribeToEPSo
FNDA:0,_ZNK7testing8internal11MatcherBaseIRKSt5tupleIJiPKiiEEE10DescribeToEPSo
FNDA:0,_ZNK7testing8internal11MatcherBaseIiE10DescribeToEPSo
FNDA:0,_ZNK7testing8internal11MatcherBaseIP17spi_transaction_tE18DescribeNegationToEPSo
FNDA:0,_ZNK7testing8internal11MatcherBaseIPKiE18DescribeNegationToEPSo
FNDA:0,_ZNK7testing8internal11MatcherBaseIPiE18DescribeNegationToEPSo
FNDA:0,_ZNK7testing8internal11MatcherBaseIRKSt5tupleIJiP17spi_transaction_tEEE18DescribeNegationToEPSo
FNDA:0,_ZNK7testing8internal11MatcherBaseIRKSt5tupleIJiPKiPiEEE18DescribeNegationToEPSo
FNDA:0,_ZNK7testing8internal11MatcherBaseIRKSt5tupleIJiPKiiEEE18DescribeNegationToEPSo
FNDA:0,_ZNK7testing8internal11MatcherBaseIiE18DescribeNegationToEPSo
FNDA:2,_ZN7testing8internal11MatcherBaseIiEC2Ev
FNDA:1,_ZN7testing8internal11MatcherBaseIPKiEC2IRKNS0_15AnythingMatcherEvEEOT_
FNDA:1,_ZN7testing8internal11MatcherBaseIRKSt5tupleIJiPKiiEEEC2IRKNS0_15AnythingMatcherEvEEOT_
FNDA:2,_ZN7testing8internal11MatcherBaseIiEC2INS0_9EqMatcherIiEEvEEOT_
FNDA:0,_ZN7testing8internal11MatcherBaseIP17spi_transaction_tEC2ERKS4_
FNDA:3,_ZN7testing8internal11MatcherBaseIPKiEC2ERKS4_
FNDA:0,_ZN7testing8internal11MatcherBaseIPiEC2ERKS3_
FNDA:6,_ZN7testing8internal11MatcherBaseIiEC2ERKS2_
FNDA:1,_ZN7testing8internal11MatcherBaseIPKiEC2EOS4_
FNDA:2,_ZN7testing8internal11MatcherBaseIiEC2EOS2_
FNDA:2,_ZN7testing8internal11MatcherBaseIiEaSEOS2_
FNDA:0,_ZN7testing8internal11MatcherBaseIP17spi_transaction_tED0Ev
FNDA:0,_ZN7testing8internal11MatcherBaseIP17spi_transaction_tED2Ev
FNDA:0,_ZN7testing8internal11MatcherBaseIPKiED0Ev
FNDA:5,_ZN7testing8internal11MatcherBaseIPKiED2Ev
FNDA:0,_ZN7testing8internal11MatcherBaseIPiED0Ev
FNDA:0,_ZN7testing8internal11MatcherBaseIPiED2Ev
FNDA:0,_ZN7testing8internal11MatcherBaseIRKSt5tupleIJiP17spi_transaction_tEEED0Ev
FNDA:0,_ZN7testing8internal11MatcherBaseIRKSt5tupleIJiP17spi_transaction_tEEED2Ev
FNDA:0,_ZN7testing8internal11MatcherBaseIRKSt5tupleIJiPKiPiEEED0Ev
FNDA:0,_ZN7testing8internal11MatcherBaseIRKSt5tupleIJiPKiPiEEED2Ev
FNDA:0,_ZN7testing8internal11MatcherBaseIRKSt5tupleIJiPKiiEEED0Ev
FNDA:1,_ZN7testing8internal11MatcherBaseIRKSt5tupleIJiPKiiEEED2Ev
FNDA:0,_ZN7testing8internal11MatcherBaseIiED0Ev
FNDA:12,_ZN7testing8internal11MatcherBaseIiED2Ev
FNDA:0,_ZNK7testing8internal11MatcherBaseIP17spi_transaction_tE8IsSharedEv
FNDA:8,_ZNK7testing8internal11MatcherBaseIPKiE8IsSharedEv
FNDA:0,_ZNK7testing8internal11MatcherBaseIPiE8IsSharedEv
FNDA:0,_ZNK7testing8internal11MatcherBaseIRKSt5tupleIJiP17spi_transaction_tEEE8IsSharedEv
FNDA:0,_ZNK7testing8internal11MatcherBaseIRKSt5tupleIJiPKiPiEEE8IsSharedEv
FNDA:1,_ZNK7testing8internal11MatcherBaseIRKSt5tupleIJiPKiiEEE8IsSharedEv
FNDA:20,_ZNK7testing8internal11MatcherBaseIiE8IsSharedEv
FNDA:1,_ZN7testing8internal11MatcherBaseIPKiE19MatchAndExplainImplINS4_11ValuePolicyINS0_15AnythingMatcherELb1EEEEEDTcldtclsrT_3Getfp_E15MatchAndExplainfp0_clptfp1_L_ZNS_19MatchResultListener6streamEvEEEERKS4_RKS3_PSA_
FNDA:1,_ZN7testing8internal11MatcherBaseIRKSt5tupleIJiPKiiEEE19MatchAndExplainImplINS8_11ValuePolicyINS0_15AnythingMatcherELb1EEEEEDTcldtclsrT_3Getfp_E15MatchAndExplainfp0_clptfp1_L_ZNS_19MatchResultListener6streamEvEEEERKS8_S7_PSE_
FNDA:2,_ZN7testing8internal11MatcherBaseIiE19MatchAndExplainImplINS2_11ValuePolicyINS0_9EqMatcherIiEELb1EEEEEDTcldtclsrT_3Getfp_E15MatchAndExplainfp0_clptfp1_L_ZNS_19MatchResultListener6streamEvEEEERKS2_RKiPS9_
FNDA:0,_ZN7testing8internal11MatcherBaseIPKiE12DescribeImplINS4_11ValuePolicyINS0_15AnythingMatcherELb1EEEEEvRKS4_PSob
FNDA:0,_ZN7testing8internal11MatcherBaseIRKSt5tupleIJiPKiiEEE12DescribeImplINS8_11ValuePolicyINS0_15AnythingMatcherELb1EEEEEvRKS8_PSob
FNDA:0,_ZN7testing8internal11MatcherBaseIiE12DescribeImplINS2_11ValuePolicyINS0_9EqMatcherIiEELb1EEEEEvRKS2_PSob
FNDA:0,_ZN7testing8internal11MatcherBaseIPKiE16GetDescriberImplINS4_11ValuePolicyINS0_15AnythingMatcherELb1EEEEEPKNS_25MatcherDescriberInterfaceERKS4_
FNDA:0,_ZN7testing8internal11MatcherBaseIRKSt5tupleIJiPKiiEEE16GetDescriberImplINS8_11ValuePolicyINS0_15AnythingMatcherELb1EEEEEPKNS_25MatcherDescriberInterfaceERKS8_
FNDA:0,_ZN7testing8internal11MatcherBaseIiE16GetDescriberImplINS2_11ValuePolicyINS0_9EqMatcherIiEELb1EEEEEPKNS_25MatcherDescriberInterfaceERKS2_
FNDA:1,_ZN7testing8internal11MatcherBaseIPKiE9GetVTableINS4_11ValuePolicyINS0_15AnythingMatcherELb1EEEEEPKNS4_6VTableEv
FNDA:1,_ZN7testing8internal11MatcherBaseIRKSt5tupleIJiPKiiEEE9GetVTableINS8_11ValuePolicyINS0_15AnythingMatcherELb1EEEEEPKNS8_6VTableEv
FNDA:2,_ZN7testing8internal11MatcherBaseIiE9GetVTableINS2_11ValuePolicyINS0_9EqMatcherIiEELb1EEEEEPKNS2_6VTableEv
FNDA:0,_ZN7testing8internal11MatcherBaseIP17spi_transaction_tE7DestroyEv
FNDA:5,_ZN7testing8internal11MatcherBaseIPKiE7DestroyEv
FNDA:0,_ZN7testing8internal11MatcherBaseIPiE7DestroyEv
FNDA:0,_ZN7testing8internal11MatcherBaseIRKSt5tupleIJiP17spi_transaction_tEEE7DestroyEv
FNDA:0,_ZN7testing8internal11MatcherBaseIRKSt5tupleIJiPKiPiEEE7DestroyEv
FNDA:1,_ZN7testing8internal11MatcherBaseIRKSt5tupleIJiPKiiEEE7DestroyEv
FNDA:14,_ZN7testing8internal11MatcherBaseIiE7DestroyEv
FNDA:1,_ZN7testing8internal11MatcherBaseIPKiE11ValuePolicyINS0_15AnythingMatcherELb1EE3GetERKS4_
FNDA:1,_ZN7testing8internal11MatcherBaseIRKSt5tupleIJiPKiiEEE11ValuePolicyINS0_15AnythingMatcherELb1EE3GetERKS8_
FNDA:2,_ZN7testing8internal11MatcherBaseIiE11ValuePolicyINS0_9EqMatcherIiEELb1EE3GetERKS2_
FNDA:1,_ZN7testing8internal11MatcherBaseIPKiE11ValuePolicyINS0_15AnythingMatcherELb1EE4InitERS4_S6_
FNDA:1,_ZN7testing8internal11MatcherBaseIRKSt5tupleIJiPKiiEEE11ValuePolicyINS0_15AnythingMatcherELb1EE4InitERS8_SA_
FNDA:2,_ZN7testing8internal11MatcherBaseIiE11ValuePolicyINS0_9EqMatcherIiEELb1EE4InitERS2_S5_
FNDA:1,_ZN7testing8internal11MatcherBaseIPKiE4InitIRKNS0_15AnythingMatcherEEEvOT_
FNDA:1,_ZN7testing8internal11MatcherBaseIRKSt5tupleIJiPKiiEEE4InitIRKNS0_15AnythingMatcherEEEvOT_
FNDA:2,_ZN7testing8internal11MatcherBaseIiE4InitINS0_9EqMatcherIiEEEEvOT_
FNDA:1,_ZN7testing7MatcherIPKiEC2IRKNS_8internal15AnythingMatcherEvEEOT_
FNDA:1,_ZN7testing7MatcherIRKSt5tupleIJiPKiiEEEC2IRKNS_8internal15AnythingMatcherEvEEOT_
FNDA:2,_ZN7testing7MatcherIiEC2INS_8internal9EqMatcherIiEEvEEOT_
FNDA:2,_ZN7testing8internal14ComparisonBaseINS0_9EqMatcherIiEEiNS0_5AnyEqEEC2ERKi
FNDA:2,_ZNK7testing8internal14ComparisonBaseINS0_9EqMatcherIiEEiNS0_5AnyEqEE15MatchAndExplainIiEEbRKT_PSo
FNDA:0,_ZNK7testing8internal14ComparisonBaseINS0_9EqMatcherIiEEiNS0_5AnyEqEE10DescribeToEPSo
FNDA:0,_ZNK7testing8internal14ComparisonBaseINS0_9EqMatcherIiEEiNS0_5AnyEqEE18DescribeNegationToEPSo
FNDA:2,_ZN7testing8internal14ComparisonBaseINS0_9EqMatcherIiEEiNS0_5AnyEqEE6UnwrapIiEERKT_S9_
FNDA:2,_ZN7testing8internal9EqMatcherIiEC2ERKi
FNDA:0,_ZN7testing8internal9EqMatcherIiE4DescEv
FNDA:0,_ZN7testing8internal9EqMatcherIiE11NegatedDescEv
FNDA:4,_ZN7testing19MatchResultListenerC2EPSo
FNDA:2,_ZN7testing2EqIiEENS_8internal9EqMatcherIT_EES3_
FNDA:2,_ZN7testing7MatcherIiEC2Ei
FNDA:4,_ZN7testing19MatchResultListener6streamEv
FNF:112
FNH:54
DA:82,4
DA:94,4
DA:109,4
DA:115,18
DA:130,0
DA:131,0
DA:132,0
DA:133,0
DA:134,0
DA:183,2
DA:184,2
DA:221,4
DA:244,0
DA:245,0
DA:268,4
DA:269,4
DA:270,4
DA:274,4
DA:275,4
DA:276,8
DA:277,4
DA:280,0
DA:281,0
DA:282,0
DA:283,0
DA:286,0
DA:287,0
DA:288,0
DA:289,0
DA:306,2
DA:317,4
DA:318,4
DA:319,4
DA:321,9
DA:322,9
DA:323,9
DA:324,9
DA:335,3
DA:336,3
DA:337,3
DA:338,3
DA:340,2
DA:341,2
DA:342,2
DA:343,2
DA:344,2
DA:345,2
DA:346,2
DA:349,18
DA:363,29
DA:364,29
DA:369,4
DA:372,4
DA:383,0
DA:385,0
DA:386,0
DA:388,0
DA:390,0
DA:393,0
DA:405,0
DA:409,4
DA:413,4
DA:425,20
DA:426,20
DA:427,0
DA:429,20
DA:440,4
DA:443,4
DA:445,4
DA:447,4
DA:448,4
DA:449,4
DA:481,4
DA:484,4
DA:485,4
DA:486,4
DA:519,4
DA:730,2
DA:735,2
DA:736,2
DA:738,0
DA:739,0
DA:740,0
DA:741,0
DA:742,0
DA:743,0
DA:744,0
DA:745,0
DA:749,2
DA:750,2
DA:763,2
DA:764,2
DA:765,0
DA:766,0
DA:895,2
DA:896,2
DA:902,2
DA:903,2
DA:904,2
LF:99
LH:66
end_of_record
TN:
SF:/home/marco/Documents/Dev/TrabajoFinal/Software/.pio/libdeps/native/googletest/googletest/include/gtest/gtest-message.h
FN:148,155,_ZN7testing7MessagelsIKcEERS0_RKPT_
FN:169,169,_ZN7testing7MessagelsEb
FNDA:21,_ZN7testing7MessagelsIKcEERS0_RKPT_
FNDA:0,_ZN7testing7MessagelsEb
FNF:2
FNH:1
DA:148,21
DA:149,21
DA:150,0
DA:152,21
DA:154,21
DA:169,0
LF:6
LH:4
end_of_record
TN:
SF:/home/marco/Documents/Dev/TrabajoFinal/Software/.pio/libdeps/native/googletest/googletest/include/gtest/gtest-printers.h
FN:1035,1039,_ZN7testing13PrintToStringIbEENSt7__cxx1112basic_stringIcSt11char_traitsIcESaIcEEERKT_
FN:182,191,_ZN7testing8internal14PointerPrinter10PrintValueI17spi_transaction_tEEvPT_PSo
FN:182,191,_ZN7testing8internal14PointerPrinter10PrintValueIKiEEvPT_PSo
FN:182,191,_ZN7testing8internal14PointerPrinter10PrintValueIiEEvPT_PSo
FN:213,217,_ZN7testing8internal52internal_stream_operator_without_lexical_name_lookup13StreamPrinter10PrintValueIivRSoEEvRKT_PSo
FN:305,312,_ZN7testing8internal17PrintWithFallbackIP17spi_transaction_tEEvRKT_PSo
FN:305,312,_ZN7testing8internal17PrintWithFallbackIPKiEEvRKT_PSo
FN:305,312,_ZN7testing8internal17PrintWithFallbackIPiEEvRKT_PSo
FN:305,312,_ZN7testing8internal17PrintWithFallbackIiEEvRKT_PSo
FN:332,334,_ZN7testing8internal19FormatForComparisonIbbE6FormatB5cxx11ERKb
FN:412,415,_ZN7testing8internal33FormatForComparisonFailureMessageIbbEENSt7__cxx1112basic_stringIcSt11char_traitsIcESaIcEEERKT_RKT0_
FN:439,441,_ZN7testing8internal7PrintToIP17spi_transaction_tEEvRKT_PSo
FN:439,441,_ZN7testing8internal7PrintToIPKiEEvRKT_PSo
FN:439,441,_ZN7testing8internal7PrintToIPiEEvRKT_PSo
FN:439,441,_ZN7testing8internal7PrintToIiEEvRKT_PSo
FN:458,460,_ZN7testing8internal7PrintToEbPSo
FN:646,647,_ZN7testing8internal12PrintTupleToISt5tupleIJiP17spi_transaction_tEEEEvRKT_St17integral_constantImLm0EEPSo
FN:646,647,_ZN7testing8internal12PrintTupleToISt5tupleIJiPKiPiEEEEvRKT_St17integral_constantImLm0EEPSo
FN:646,647,_ZN7testing8internal12PrintTupleToISt5tupleIJiPKiiEEEEvRKT_St17integral_constantImLm0EEPSo
FN:650,660,_ZN7testing8internal12PrintTupleToISt5tupleIJiP17spi_transaction_tEELm1EEEvRKT_St17integral_constantImXT0_EEPSo
FN:650,660,_ZN7testing8internal12PrintTupleToISt5tupleIJiP17spi_transaction_tEELm2EEEvRKT_St17integral_constantImXT0_EEPSo
FN:650,660,_ZN7testing8internal12PrintTupleToISt5tupleIJiPKiPiEELm1EEEvRKT_St17integral_constantImXT0_EEPSo
FN:650,660,_ZN7testing8internal12PrintTupleToISt5tupleIJiPKiPiEELm2EEEvRKT_St17integral_constantImXT0_EEPSo
FN:650,660,_ZN7testing8internal12PrintTupleToISt5tupleIJiPKiPiEELm3EEEvRKT_St17integral_constantImXT0_EEPSo
FN:650,660,_ZN7testing8internal12PrintTupleToISt5tupleIJiPKiiEELm1EEEvRKT_St17integral_constantImXT0_EEPSo
FN:650,660,_ZN7testing8internal12PrintTupleToISt5tupleIJiPKiiEELm2EEEvRKT_St17integral_constantImXT0_EEPSo
FN:650,660,_ZN7testing8internal12PrintTupleToISt5tupleIJiPKiiEELm3EEEvRKT_St17integral_constantImXT0_EEPSo
FN:663,667,_ZN7testing8internal7PrintToIJiP17spi_transaction_tEEEvRKSt5tupleIJDpT_EEPSo
FN:663,667,_ZN7testing8internal7PrintToIJiPKiPiEEEvRKSt5tupleIJDpT_EEPSo
FN:663,667,_ZN7testing8internal7PrintToIJiPKiiEEEvRKSt5tupleIJDpT_EEPSo
FN:693,703,_ZN7testing8internal16UniversalPrinterIP17spi_transaction_tE5PrintERKS3_PSo
FN:693,703,_ZN7testing8internal16UniversalPrinterIPKiE5PrintERKS3_PSo
FN:693,703,_ZN7testing8internal16UniversalPrinterIPiE5PrintERKS2_PSo
FN:693,703,_ZN7testing8internal16UniversalPrinterISt5tupleIJiP17spi_transaction_tEEE5PrintERKS5_PSo
FN:693,703,_ZN7testing8internal16UniversalPrinterISt5tupleIJiPKiPiEEE5PrintERKS6_PSo
FN:693,703,_ZN7testing8internal16UniversalPrinterISt5tupleIJiPKiiEEE5PrintERKS5_PSo
FN:693,703,_ZN7testing8internal16UniversalPrinterIbE5PrintERKbPSo
FN:693,703,_ZN7testing8internal16UniversalPrinterIiE5PrintERKiPSo
FN:883,885,_ZN7testing8internal21UniversalTersePrinterIbE5PrintERKbPSo
FN:995,1000,_ZN7testing8internal14UniversalPrintIP17spi_transaction_tEEvRKT_PSo
FN:995,1000,_ZN7testing8internal14UniversalPrintIPKiEEvRKT_PSo
FN:995,1000,_ZN7testing8internal14UniversalPrintIPiEEvRKT_PSo
FN:995,1000,_ZN7testing8internal14UniversalPrintISt5tupleIJiP17spi_transaction_tEEEEvRKT_PSo
FN:995,1000,_ZN7testing8internal14UniversalPrintISt5tupleIJiPKiPiEEEEvRKT_PSo
FN:995,1000,_ZN7testing8internal14UniversalPrintISt5tupleIJiPKiiEEEEvRKT_PSo
FN:995,1000,_ZN7testing8internal14UniversalPrintIbEEvRKT_PSo
FN:995,1000,_ZN7testing8internal14UniversalPrintIiEEvRKT_PSo
FNDA:0,_ZN7testing13PrintToStringIbEENSt7__cxx1112basic_stringIcSt11char_traitsIcESaIcEEERKT_
FNDA:0,_ZN7testing8internal14PointerPrinter10PrintValueI17spi_transaction_tEEvPT_PSo
FNDA:0,_ZN7testing8internal14PointerPrinter10PrintValueIKiEEvPT_PSo
FNDA:0,_ZN7testing8internal14PointerPrinter10PrintValueIiEEvPT_PSo
FNDA:0,_ZN7testing8internal52internal_stream_operator_without_lexical_name_lookup13StreamPrinter10PrintValueIivRSoEEvRKT_PSo
FNDA:0,_ZN7testing8internal17PrintWithFallbackIP17spi_transaction_tEEvRKT_PSo
FNDA:0,_ZN7testing8internal17PrintWithFallbackIPKiEEvRKT_PSo
FNDA:0,_ZN7testing8internal17PrintWithFallbackIPiEEvRKT_PSo
FNDA:0,_ZN7testing8internal17PrintWithFallbackIiEEvRKT_PSo
FNDA:0,_ZN7testing8internal19FormatForComparisonIbbE6FormatB5cxx11ERKb
FNDA:0,_ZN7testing8internal33FormatForComparisonFailureMessageIbbEENSt7__cxx1112basic_stringIcSt11char_traitsIcESaIcEEERKT_RKT0_
FNDA:0,_ZN7testing8internal7PrintToIP17spi_transaction_tEEvRKT_PSo
FNDA:0,_ZN7testing8internal7PrintToIPKiEEvRKT_PSo
FNDA:0,_ZN7testing8internal7PrintToIPiEEvRKT_PSo
FNDA:0,_ZN7testing8internal7PrintToIiEEvRKT_PSo
FNDA:0,_ZN7testing8internal7PrintToEbPSo
FNDA:0,_ZN7testing8internal12PrintTupleToISt5tupleIJiP17spi_transaction_tEEEEvRKT_St17integral_constantImLm0EEPSo
FNDA:0,_ZN7testing8internal12PrintTupleToISt5tupleIJiPKiPiEEEEvRKT_St17integral_constantImLm0EEPSo
FNDA:0,_ZN7testing8internal12PrintTupleToISt5tupleIJiPKiiEEEEvRKT_St17integral_constantImLm0EEPSo
FNDA:0,_ZN7testing8internal12PrintTupleToISt5tupleIJiP17spi_transaction_tEELm1EEEvRKT_St17integral_constantImXT0_EEPSo
FNDA:0,_ZN7testing8internal12PrintTupleToISt5tupleIJiP17spi_transaction_tEELm2EEEvRKT_St17integral_constantImXT0_EEPSo
FNDA:0,_ZN7testing8internal12PrintTupleToISt5tupleIJiPKiPiEELm1EEEvRKT_St17integral_constantImXT0_EEPSo
FNDA:0,_ZN7testing8internal12PrintTupleToISt5tupleIJiPKiPiEELm2EEEvRKT_St17integral_constantImXT0_EEPSo
FNDA:0,_ZN7testing8internal12PrintTupleToISt5tupleIJiPKiPiEELm3EEEvRKT_St17integral_constantImXT0_EEPSo
FNDA:0,_ZN7testing8internal12PrintTupleToISt5tupleIJiPKiiEELm1EEEvRKT_St17integral_constantImXT0_EEPSo
FNDA:0,_ZN7testing8internal12PrintTupleToISt5tupleIJiPKiiEELm2EEEvRKT_St17integral_constantImXT0_EEPSo
FNDA:0,_ZN7testing8internal12PrintTupleToISt5tupleIJiPKiiEELm3EEEvRKT_St17integral_constantImXT0_EEPSo
FNDA:0,_ZN7testing8internal7PrintToIJiP17spi_transaction_tEEEvRKSt5tupleIJDpT_EEPSo
FNDA:0,_ZN7testing8internal7PrintToIJiPKiPiEEEvRKSt5tupleIJDpT_EEPSo
FNDA:0,_ZN7testing8internal7PrintToIJiPKiiEEEvRKSt5tupleIJDpT_EEPSo
FNDA:0,_ZN7testing8internal16UniversalPrinterIP17spi_transaction_tE5PrintERKS3_PSo
FNDA:0,_ZN7testing8internal16UniversalPrinterIPKiE5PrintERKS3_PSo
FNDA:0,_ZN7testing8internal16UniversalPrinterIPiE5PrintERKS2_PSo
FNDA:0,_ZN7testing8internal16UniversalPrinterISt5tupleIJiP17spi_transaction_tEEE5PrintERKS5_PSo
FNDA:0,_ZN7testing8internal16UniversalPrinterISt5tupleIJiPKiPiEEE5PrintERKS6_PSo
FNDA:0,_ZN7testing8internal16UniversalPrinterISt5tupleIJiPKiiEEE5PrintERKS5_PSo
FNDA:0,_ZN7testing8internal16UniversalPrinterIbE5PrintERKbPSo
FNDA:0,_ZN7testing8internal16UniversalPrinterIiE5PrintERKiPSo
FNDA:0,_ZN7testing8internal21UniversalTersePrinterIbE5PrintERKbPSo
FNDA:0,_ZN7testing8internal14UniversalPrintIP17spi_transaction_tEEvRKT_PSo
FNDA:0,_ZN7testing8internal14UniversalPrintIPKiEEvRKT_PSo
FNDA:0,_ZN7testing8internal14UniversalPrintIPiEEvRKT_PSo
FNDA:0,_ZN7testing8internal14UniversalPrintISt5tupleIJiP17spi_transaction_tEEEEvRKT_PSo
FNDA:0,_ZN7testing8internal14UniversalPrintISt5tupleIJiPKiPiEEEEvRKT_PSo
FNDA:0,_ZN7testing8internal14UniversalPrintISt5tupleIJiPKiiEEEEvRKT_PSo
FNDA:0,_ZN7testing8internal14UniversalPrintIbEEvRKT_PSo
FNDA:0,_ZN7testing8internal14UniversalPrintIiEEvRKT_PSo
FNF:47
FNH:0
DA:182,0
DA:183,0
DA:184,0
DA:189,0
DA:191,0
DA:213,0
DA:216,0
DA:217,0
DA:305,0
DA:311,0
DA:312,0
DA:332,0
DA:333,0
DA:412,0
DA:414,0
DA:439,0
DA:440,0
DA:441,0
DA:458,0
DA:459,0
DA:460,0
DA:646,0
DA:647,0
DA:650,0
DA:652,0
DA:656,0
DA:658,0
DA:659,0
DA:660,0
DA:663,0
DA:664,0
DA:665,0
DA:666,0
DA:667,0
DA:693,0
DA:702,0
DA:703,0
DA:883,0
DA:884,0
DA:885,0
DA:995,0
DA:999,0
DA:1000,0
DA:1035,0
DA:1036,0
DA:1037,0
DA:1038,0
DA:1039,0
LF:48
LH:0
end_of_record
TN:
SF:/home/marco/Documents/Dev/TrabajoFinal/Software/.pio/libdeps/native/googletest/googletest/include/gtest/gtest.h
FN:1338,1344,_ZN7testing8internal18CmpHelperEQFailureIbbEENS_15AssertionResultEPKcS4_RKT_RKT0_
FN:1355,1363,_ZN7testing8internal11CmpHelperEQIbbEENS_15AssertionResultEPKcS4_RKT_RKT0_
FN:1374,1378,_ZN7testing8internal8EqHelper7CompareIbbLPv0EEENS_15AssertionResultEPKcS6_RKT_RKT0_
FN:2293,2293,_Z13RUN_ALL_TESTSv
FN:244,244,_ZN7testing4Test14SetUpTestSuiteEv
FN:252,252,_ZN7testing4Test17TearDownTestSuiteEv
FN:257,257,_ZN7testing4Test16TearDownTestCaseEv
FN:258,258,_ZN7testing4Test13SetUpTestCaseEv
FN:339,339,_ZN7testing4Test5SetupEv
FNDA:0,_ZN7testing8internal18CmpHelperEQFailureIbbEENS_15AssertionResultEPKcS4_RKT_RKT0_
FNDA:1,_ZN7testing8internal11CmpHelperEQIbbEENS_15AssertionResultEPKcS4_RKT_RKT0_
FNDA:1,_ZN7testing8internal8EqHelper7CompareIbbLPv0EEENS_15AssertionResultEPKcS6_RKT_RKT0_
FNDA:2,_Z13RUN_ALL_TESTSv
FNDA:0,_ZN7testing4Test14SetUpTestSuiteEv
FNDA:0,_ZN7testing4Test17TearDownTestSuiteEv
FNDA:0,_ZN7testing4Test16TearDownTestCaseEv
FNDA:0,_ZN7testing4Test13SetUpTestCaseEv
FNDA:0,_ZN7testing4Test5SetupEv
FNF:9
FNH:3
DA:244,0
DA:252,0
DA:257,0
DA:258,0
DA:339,0
DA:1338,0
DA:1343,0
DA:1355,1
DA:1358,1
DA:1359,1
DA:1362,0
DA:1374,1
DA:1377,1
DA:2293,2
LF:14
LH:6
end_of_record
TN:
SF:/home/marco/Documents/Dev/TrabajoFinal/Software/.pio/libdeps/native/googletest/googletest/include/gtest/internal/gtest-internal.h
FN:431,437,_ZN7testing8internal9GetTypeIdIN8SPITests11SPIAPIsTestEEEPKvv
FN:450,450,_ZN7testing8internal15TestFactoryBaseD0Ev
FN:450,450,_ZN7testing8internal15TestFactoryBaseD2Ev
FN:457,457,_ZN7testing8internal15TestFactoryBaseC2Ev
FN:469,469,_ZN7testing8internal15TestFactoryImplIN8SPITests33SPIAPIsTest_TestConfigureSPI_TestEE10CreateTestEv
FN:490,491,_ZN7testing8internal12CodeLocationC2ERKNSt7__cxx1112basic_stringIcSt11char_traitsIcESaIcEEEi
FN:503,506,_ZN7testing8internal19GetNotDefaultOrNullEPFvvES2_
FN:518,537,_ZN7testing8internal16SuiteApiResolverIN8SPITests11SPIAPIsTestEE19GetSetUpCaseOrSuiteEPKci
FN:539,558,_ZN7testing8internal16SuiteApiResolverIN8SPITests11SPIAPIsTestEE22GetTearDownCaseOrSuiteEPKci
FNDA:1,_ZN7testing8internal9GetTypeIdIN8SPITests11SPIAPIsTestEEEPKvv
FNDA:0,_ZN7testing8internal15TestFactoryBaseD0Ev
FNDA:1,_ZN7testing8internal15TestFactoryBaseD2Ev
FNDA:1,_ZN7testing8internal15TestFactoryBaseC2Ev
FNDA:1,_ZN7testing8internal15TestFactoryImplIN8SPITests33SPIAPIsTest_TestConfigureSPI_TestEE10CreateTestEv
FNDA:1,_ZN7testing8internal12CodeLocationC2ERKNSt7__cxx1112basic_stringIcSt11char_traitsIcESaIcEEEi
FNDA:4,_ZN7testing8internal19GetNotDefaultOrNullEPFvvES2_
FNDA:1,_ZN7testing8internal16SuiteApiResolverIN8SPITests11SPIAPIsTestEE19GetSetUpCaseOrSuiteEPKci
FNDA:1,_ZN7testing8internal16SuiteApiResolverIN8SPITests11SPIAPIsTestEE22GetTearDownCaseOrSuiteEPKci
FNF:9
FNH:8
DA:431,1
DA:436,1
DA:450,1
DA:457,1
DA:469,1
DA:490,1
DA:491,1
DA:503,4
DA:505,4
DA:518,1
DA:522,1
DA:524,1
DA:526,1
DA:529,0
DA:531,1
DA:539,1
DA:543,1
DA:545,1
DA:547,1
DA:550,0
DA:552,1
LF:21
LH:19
end_of_record
TN:
SF:/home/marco/Documents/Dev/TrabajoFinal/Software/.pio/libdeps/native/googletest/googletest/include/gtest/internal/gtest-port.h
FN:1065,1067,_ZN7testing8internal13ImplicitCast_IiEET_S2_
FN:1116,1128,_ZN7testing8internal27CheckedDowncastToActualTypeINS0_11ThreadLocalIPNS_8SequenceEE11ValueHolderENS0_26ThreadLocalValueHolderBaseEEEPT_PT0_
FN:1619,1623,_ZN7testing8internal9MutexBase4LockEv
FN:1626,1633,_ZN7testing8internal9MutexBase6UnlockEv
FN:1637,1640,_ZNK7testing8internal9MutexBase10AssertHeldEv
FN:1694,1694,_ZN7testing8internal14GTestMutexLockC2EPNS0_9MutexBaseE
FN:1696,1696,_ZN7testing8internal14GTestMutexLockD2Ev
FN:1744,1744,_ZNK7testing8internal11ThreadLocalIPNS_8SequenceEE7pointerEv
FN:1745,1745,_ZNK7testing8internal11ThreadLocalIPNS_8SequenceEE3getEv
FN:1755,1755,_ZN7testing8internal11ThreadLocalIPNS_8SequenceEE11ValueHolder7pointerEv
FN:1772,1783,_ZNK7testing8internal11ThreadLocalIPNS_8SequenceEE16GetOrCreateValueEv
FN:967,967,_ZN7testing8internal8GTestLog9GetStreamEv
FNDA:1,_ZN7testing8internal13ImplicitCast_IiEET_S2_
FNDA:0,_ZN7testing8internal27CheckedDowncastToActualTypeINS0_11ThreadLocalIPNS_8SequenceEE11ValueHolderENS0_26ThreadLocalValueHolderBaseEEEPT_PT0_
FNDA:18,_ZN7testing8internal9MutexBase4LockEv
FNDA:18,_ZN7testing8internal9MutexBase6UnlockEv
FNDA:23,_ZNK7testing8internal9MutexBase10AssertHeldEv
FNDA:12,_ZN7testing8internal14GTestMutexLockC2EPNS0_9MutexBaseE
FNDA:12,_ZN7testing8internal14GTestMutexLockD2Ev
FNDA:1,_ZNK7testing8internal11ThreadLocalIPNS_8SequenceEE7pointerEv
FNDA:1,_ZNK7testing8internal11ThreadLocalIPNS_8SequenceEE3getEv
FNDA:1,_ZN7testing8internal11ThreadLocalIPNS_8SequenceEE11ValueHolder7pointerEv
FNDA:1,_ZNK7testing8internal11ThreadLocalIPNS_8SequenceEE16GetOrCreateValueEv
FNDA:0,_ZN7testing8internal8GTestLog9GetStreamEv
FNF:12
FNH:10
DA:967,0
DA:1065,1
DA:1066,1
DA:1116,0
DA:1118,0
DA:1124,0
DA:1619,18
DA:1620,18
DA:1621,18
DA:1622,18
DA:1623,18
DA:1626,18
DA:1631,18
DA:1632,18
DA:1633,18
DA:1637,23
DA:1638,23
DA:1639,0
DA:1640,23
DA:1694,12
DA:1696,12
DA:1744,1
DA:1745,1
DA:1755,1
DA:1772,1
DA:1774,1
DA:1775,1
DA:1776,0
DA:1779,1
DA:1780,1
DA:1781,1
DA:1782,1
LF:32
LH:26
end_of_record
TN:
SF:/home/marco/Documents/Dev/TrabajoFinal/Software/include/SPI.h
FN:17,17,_ZN3SPIC2Ev
FNDA:1,_ZN3SPIC2Ev
FNF:1
FNH:1
DA:17,1
LF:1
LH:1
end_of_record
TN:
SF:/home/marco/Documents/Dev/TrabajoFinal/Software/src/SPI.cpp
FN:24,37,_ZN3SPI9AddDeviceEPi
FN:39,58,_ZN3SPI11SendMessageEPhhS0_h
FN:4,22,_ZN3SPI5BeginEPi
FN:60,77,_ZN3SPI11SendMessageEPhh
FN:79,94,_ZN3SPI14debugTXmessageEPhh
FN:96,111,_ZN3SPI14debugRXmessageEPhh
FNDA:0,_ZN3SPI9AddDeviceEPi
FNDA:0,_ZN3SPI11SendMessageEPhhS0_h
FNDA:1,_ZN3SPI5BeginEPi
FNDA:0,_ZN3SPI11SendMessageEPhh
FNDA:0,_ZN3SPI14debugTXmessageEPhh
FNDA:0,_ZN3SPI14debugRXmessageEPhh
FNF:6
FNH:1
DA:4,1
DA:6,1
DA:9,0
DA:14,1
DA:17,0
DA:20,1
DA:21,1
DA:24,0
DA:29,0
DA:32,0
DA:36,0
DA:39,0
DA:42,0
DA:44,0
DA:45,0
DA:46,0
DA:47,0
DA:48,0
DA:50,0
DA:53,0
DA:55,0
DA:56,0
DA:57,0
DA:60,0
DA:63,0
DA:65,0
DA:66,0
DA:67,0
DA:68,0
DA:70,0
DA:73,0
DA:75,0
DA:76,0
DA:79,0
DA:82,0
DA:83,0
DA:84,0
DA:85,0
DA:88,0
DA:89,0
DA:94,0
DA:96,0
DA:99,0
DA:101,0
DA:102,0
DA:105,0
DA:106,0
DA:111,0
LF:48
LH:5
end_of_record
TN:
SF:/home/marco/Documents/Dev/TrabajoFinal/Software/test/test_native/include/spi_mock.cpp
FN:13,16,spi_bus_add_device
FN:18,21,spi_device_polling_transmit
FN:8,11,spi_bus_initialize
FNDA:0,spi_bus_add_device
FNDA:0,spi_device_polling_transmit
FNDA:2,spi_bus_initialize
FNF:3
FNH:1
DA:8,2
DA:10,2
DA:13,0
DA:15,0
DA:18,0
DA:20,0
LF:6
LH:2
[...]
FN:291,294,_ZNSt11_Tuple_implILm1EJPKiiEEC2IS1_JiEvEEOT_DpOT0_
FN:296,296,_ZNSt11_Tuple_implILm0EJN7testing7MatcherIiEENS1_IPKiEES2_EEC2ERKS6_
FN:296,296,_ZNSt11_Tuple_implILm1EJN7testing7MatcherIPKiEENS1_IiEEEEC2ERKS6_
FN:302,302,_ZNSt11_Tuple_implILm0EJiP17spi_transaction_tEEC2EOS2_
FN:302,302,_ZNSt11_Tuple_implILm0EJiPKiPiEEC2EOS3_
FN:302,302,_ZNSt11_Tuple_implILm0EJiPKiiEEC2EOS2_
FN:302,302,_ZNSt11_Tuple_implILm1EJPKiPiEEC2EOS3_
FN:302,302,_ZNSt11_Tuple_implILm1EJPKiiEEC2EOS2_
FN:497,497,_ZNSt11_Tuple_implILm1EJP17spi_transaction_tEE7_M_headERS2_
FN:497,497,_ZNSt11_Tuple_implILm1EJSt14default_deleteINSt7__cxx1112basic_stringIcSt11char_traitsIcESaIcEEEEEE7_M_headERS8_
FN:497,497,_ZNSt11_Tuple_implILm1EJSt14default_deleteINSt7__cxx1118basic_stringstreamIcSt11char_traitsIcESaIcEEEEEE7_M_headERS8_
FN:497,497,_ZNSt11_Tuple_implILm2EJPiEE7_M_headERS1_
FN:497,497,_ZNSt11_Tuple_implILm2EJiEE7_M_headERS0_
FN:500,500,_ZNSt11_Tuple_implILm1EJN7testing7MatcherIP17spi_transaction_tEEEE7_M_headERKS5_
FN:500,500,_ZNSt11_Tuple_implILm1EJP17spi_transaction_tEE7_M_headERKS2_
FN:500,500,_ZNSt11_Tuple_implILm2EJN7testing7MatcherIPiEEEE7_M_headERKS4_
FN:500,500,_ZNSt11_Tuple_implILm2EJN7testing7MatcherIiEEEE7_M_headERKS3_
FN:500,500,_ZNSt11_Tuple_implILm2EJPiEE7_M_headERKS1_
FN:500,500,_ZNSt11_Tuple_implILm2EJiEE7_M_headERKS0_
FN:513,515,_ZNSt11_Tuple_implILm1EJP17spi_transaction_tEEC2IS1_EEOT_
FN:513,515,_ZNSt11_Tuple_implILm1EJPKN7testing8internal15AnythingMatcherEEEC2IS4_EEOT_
FN:513,515,_ZNSt11_Tuple_implILm1EJPKN7testing8internal9EqMatcherIiEEEEC2IS5_EEOT_
FN:513,515,_ZNSt11_Tuple_implILm2EJN7testing7MatcherIiEEEEC2IS2_EEOT_
FN:513,515,_ZNSt11_Tuple_implILm2EJPiEEC2IS0_EEOT_
FN:513,515,_ZNSt11_Tuple_implILm2EJiEEC2IiEEOT_
FN:517,517,_ZNSt11_Tuple_implILm2EJN7testing7MatcherIiEEEEC2ERKS3_
FN:527,530,_ZNSt11_Tuple_implILm1EJP17spi_transaction_tEEC2EOS2_
FN:527,530,_ZNSt11_Tuple_implILm2EJPiEEC2EOS1_
FN:527,530,_ZNSt11_Tuple_implILm2EJiEEC2EOS0_
FN:889,891,_ZNSt5tupleIJN7testing7MatcherIiEENS1_IPKiEES2_EEC2IJS2_S5_S2_ELb1ELb1EEEDpOT_
FN:889,891,_ZNSt5tupleIJiPKiPiEEC2IJiS1_S2_ELb1ELb1EEEDpOT_
FN:889,891,_ZNSt5tupleIJiPKiiEEC2IJiS1_iELb1ELb1EEEDpOT_
FN:901,901,_ZNSt5tupleIJN7testing7MatcherIiEENS1_IPKiEES2_EEC2ERKS6_
FN:903,903,_ZNSt5tupleIJiPKiPiEEC2EOS3_
FN:903,903,_ZNSt5tupleIJiPKiiEEC2EOS2_
FNDA:0,_ZNSt10_Head_baseILm1ESt14default_deleteINSt7__cxx1112basic_stringIcSt11char_traitsIcESaIcEEEELb1EE7_M_headERS8_
FNDA:54,_ZNSt10_Head_baseILm1ESt14default_deleteINSt7__cxx1118basic_stringstreamIcSt11char_traitsIcESaIcEEEELb1EE7_M_headERS8_
FNDA:0,_ZNSt5tupleIJPKN7testing8internal11MatcherBaseIPKiEEPKNS1_15AnythingMatcherEEEC2IS7_SA_Lb1EEEOT_OT0_
FNDA:0,_ZNSt5tupleIJPKN7testing8internal11MatcherBaseIRKS_IJiPKiiEEEEPKNS1_15AnythingMatcherEEEC2ISA_SD_Lb1EEEOT_OT0_
FNDA:0,_ZNSt5tupleIJPKN7testing8internal11MatcherBaseIiEEPKNS1_9EqMatcherIiEEEEC2IS5_S9_Lb1EEEOT_OT0_
FNDA:0,_ZNSt5tupleIJiP17spi_transaction_tEEC2IiS1_Lb1EEEOT_OT0_
FNDA:0,_ZNSt5tupleIJiP17spi_transaction_tEEC2EOS2_
FNDA:0,_ZSt12__get_helperILm0EPKN7testing8internal11MatcherBaseIPKiEEJPKNS1_15AnythingMatcherEEERT0_RSt11_Tuple_implIXT_EJSB_DpT1_EE
FNDA:0,_ZSt12__get_helperILm0EPKN7testing8internal11MatcherBaseIRKSt5tupleIJiPKiiEEEEJPKNS1_15AnythingMatcherEEERT0_RSt11_Tuple_implIXT_EJSF_DpT1_EE
FNDA:0,_ZSt12__get_helperILm0EPKN7testing8internal11MatcherBaseIiEEJPKNS1_9EqMatcherIiEEEERT0_RSt11_Tuple_implIXT_EJSA_DpT1_EE
FNDA:1,_ZSt12__get_helperILm0EPNSt7__cxx1112basic_stringIcSt11char_traitsIcESaIcEEEJSt14default_deleteIS5_EEERT0_RSt11_Tuple_implIXT_EJS9_DpT1_EE
FNDA:108,_ZSt12__get_helperILm0EPNSt7__cxx1118basic_stringstreamIcSt11char_traitsIcESaIcEEEJSt14default_deleteIS5_EEERT0_RSt11_Tuple_implIXT_EJS9_DpT1_EE
FNDA:0,_ZSt12__get_helperILm0EiJP17spi_transaction_tEERT0_RSt11_Tuple_implIXT_EJS2_DpT1_EE
FNDA:0,_ZSt12__get_helperILm0EiJPKiPiEERT0_RSt11_Tuple_implIXT_EJS3_DpT1_EE
FNDA:1,_ZSt12__get_helperILm0EiJPKiiEERT0_RSt11_Tuple_implIXT_EJS2_DpT1_EE
FNDA:0,_ZSt12__get_helperILm1EP17spi_transaction_tJEERT0_RSt11_Tuple_implIXT_EJS2_DpT1_EE
FNDA:0,_ZSt12__get_helperILm1EPKiJPiEERT0_RSt11_Tuple_implIXT_EJS3_DpT1_EE
FNDA:1,_ZSt12__get_helperILm1EPKiJiEERT0_RSt11_Tuple_implIXT_EJS2_DpT1_EE
FNDA:0,_ZSt12__get_helperILm1ESt14default_deleteINSt7__cxx1112basic_stringIcSt11char_traitsIcESaIcEEEEJEERT0_RSt11_Tuple_implIXT_EJS8_DpT1_EE
FNDA:54,_ZSt12__get_helperILm1ESt14default_deleteINSt7__cxx1118basic_stringstreamIcSt11char_traitsIcESaIcEEEEJEERT0_RSt11_Tuple_implIXT_EJS8_DpT1_EE
FNDA:0,_ZSt12__get_helperILm2EPiJEERT0_RSt11_Tuple_implIXT_EJS1_DpT1_EE
FNDA:1,_ZSt12__get_helperILm2EiJEERT0_RSt11_Tuple_implIXT_EJS0_DpT1_EE
FNDA:0,_ZSt12__get_helperILm0EN7testing7MatcherIiEEJNS1_IP17spi_transaction_tEEEERKT0_RKSt11_Tuple_implIXT_EJS6_DpT1_EE
FNDA:0,_ZSt12__get_helperILm0EN7testing7MatcherIiEEJNS1_IPKiEENS1_IPiEEEERKT0_RKSt11_Tuple_implIXT_EJS8_DpT1_EE
FNDA:1,_ZSt12__get_helperILm0EN7testing7MatcherIiEEJNS1_IPKiEES2_EERKT0_RKSt11_Tuple_implIXT_EJS6_DpT1_EE
FNDA:1,_ZSt12__get_helperILm0EPN7testing8internal11ThreadLocalIPNS0_8SequenceEE18ValueHolderFactoryEJSt14default_deleteIS6_EEERKT0_RKSt11_Tuple_implIXT_EJSA_DpT1_EE
FNDA:0,_ZSt12__get_helperILm0EPNSt7__cxx1112basic_stringIcSt11char_traitsIcESaIcEEEJSt14default_deleteIS5_EEERKT0_RKSt11_Tuple_implIXT_EJS9_DpT1_EE
FNDA:576,_ZSt12__get_helperILm0EPNSt7__cxx1118basic_stringstreamIcSt11char_traitsIcESaIcEEEJSt14default_deleteIS5_EEERKT0_RKSt11_Tuple_implIXT_EJS9_DpT1_EE
FNDA:0,_ZSt12__get_helperILm0EiJP17spi_transaction_tEERKT0_RKSt11_Tuple_implIXT_EJS2_DpT1_EE
FNDA:0,_ZSt12__get_helperILm0EiJPKiPiEERKT0_RKSt11_Tuple_implIXT_EJS3_DpT1_EE
FNDA:1,_ZSt12__get_helperILm0EiJPKiiEERKT0_RKSt11_Tuple_implIXT_EJS2_DpT1_EE
FNDA:0,_ZSt12__get_helperILm1EN7testing7MatcherIP17spi_transaction_tEEJEERKT0_RKSt11_Tuple_implIXT_EJS5_DpT1_EE
FNDA:0,_ZSt12__get_helperILm1EN7testing7MatcherIPKiEEJNS1_IPiEEEERKT0_RKSt11_Tuple_implIXT_EJS7_DpT1_EE
FNDA:1,_ZSt12__get_helperILm1EN7testing7MatcherIPKiEEJNS1_IiEEEERKT0_RKSt11_Tuple_implIXT_EJS6_DpT1_EE
FNDA:0,_ZSt12__get_helperILm1EP17spi_transaction_tJEERKT0_RKSt11_Tuple_implIXT_EJS2_DpT1_EE
FNDA:0,_ZSt12__get_helperILm1EPKiJPiEERKT0_RKSt11_Tuple_implIXT_EJS3_DpT1_EE
FNDA:1,_ZSt12__get_helperILm1EPKiJiEERKT0_RKSt11_Tuple_implIXT_EJS2_DpT1_EE
FNDA:0,_ZSt12__get_helperILm2EN7testing7MatcherIPiEEJEERKT0_RKSt11_Tuple_implIXT_EJS4_DpT1_EE
FNDA:1,_ZSt12__get_helperILm2EN7testing7MatcherIiEEJEERKT0_RKSt11_Tuple_implIXT_EJS3_DpT1_EE
FNDA:0,_ZSt12__get_helperILm2EPiJEERKT0_RKSt11_Tuple_implIXT_EJS1_DpT1_EE
FNDA:1,_ZSt12__get_helperILm2EiJEERKT0_RKSt11_Tuple_implIXT_EJS0_DpT1_EE
FNDA:1,_ZSt3getILm0EJPNSt7__cxx1112basic_stringIcSt11char_traitsIcESaIcEEESt14default_deleteIS5_EEERNSt13tuple_elementIXT_ESt5tupleIJDpT0_EEE4typeERSD_
FNDA:108,_ZSt3getILm0EJPNSt7__cxx1118basic_stringstreamIcSt11char_traitsIcESaIcEEESt14default_deleteIS5_EEERNSt13tuple_elementIXT_ESt5tupleIJDpT0_EEE4typeERSD_
FNDA:0,_ZSt3getILm1EJPNSt7__cxx1112basic_stringIcSt11char_traitsIcESaIcEEESt14default_deleteIS5_EEERNSt13tuple_elementIXT_ESt5tupleIJDpT0_EEE4typeERSD_
FNDA:54,_ZSt3getILm1EJPNSt7__cxx1118basic_stringstreamIcSt11char_traitsIcESaIcEEESt14default_deleteIS5_EEERNSt13tuple_elementIXT_ESt5tupleIJDpT0_EEE4typeERSD_
FNDA:0,_ZSt3getILm0EJN7testing7MatcherIiEENS1_IP17spi_transaction_tEEEERKNSt13tuple_elementIXT_ESt5tupleIJDpT0_EEE4typeERKSA_
FNDA:0,_ZSt3getILm0EJN7testing7MatcherIiEENS1_IPKiEENS1_IPiEEEERKNSt13tuple_elementIXT_ESt5tupleIJDpT0_EEE4typeERKSC_
FNDA:1,_ZSt3getILm0EJN7testing7MatcherIiEENS1_IPKiEES2_EERKNSt13tuple_elementIXT_ESt5tupleIJDpT0_EEE4typeERKSA_
FNDA:1,_ZSt3getILm0EJPN7testing8internal11ThreadLocalIPNS0_8SequenceEE18ValueHolderFactoryESt14default_deleteIS6_EEERKNSt13tuple_elementIXT_ESt5tupleIJDpT0_EEE4typeERKSE_
FNDA:0,_ZSt3getILm0EJPNSt7__cxx1112basic_stringIcSt11char_traitsIcESaIcEEESt14default_deleteIS5_EEERKNSt13tuple_elementIXT_ESt5tupleIJDpT0_EEE4typeERKSD_
FNDA:576,_ZSt3getILm0EJPNSt7__cxx1118basic_stringstreamIcSt11char_traitsIcESaIcEEESt14default_deleteIS5_EEERKNSt13tuple_elementIXT_ESt5tupleIJDpT0_EEE4typeERKSD_
FNDA:0,_ZSt3getILm0EJiP17spi_transaction_tEERKNSt13tuple_elementIXT_ESt5tupleIJDpT0_EEE4typeERKS6_
FNDA:0,_ZSt3getILm0EJiPKiPiEERKNSt13tuple_elementIXT_ESt5tupleIJDpT0_EEE4typeERKS7_
FNDA:1,_ZSt3getILm0EJiPKiiEERKNSt13tuple_elementIXT_ESt5tupleIJDpT0_EEE4typeERKS6_
FNDA:0,_ZSt3getILm1EJN7testing7MatcherIiEENS1_IP17spi_transaction_tEEEERKNSt13tuple_elementIXT_ESt5tupleIJDpT0_EEE4typeERKSA_
FNDA:0,_ZSt3getILm1EJN7testing7MatcherIiEENS1_IPKiEENS1_IPiEEEERKNSt13tuple_elementIXT_ESt5tupleIJDpT0_EEE4typeERKSC_
FNDA:1,_ZSt3getILm1EJN7testing7MatcherIiEENS1_IPKiEES2_EERKNSt13tuple_elementIXT_ESt5tupleIJDpT0_EEE4typeERKSA_
FNDA:0,_ZSt3getILm1EJiP17spi_transaction_tEERKNSt13tuple_elementIXT_ESt5tupleIJDpT0_EEE4typeERKS6_
FNDA:0,_ZSt3getILm1EJiPKiPiEERKNSt13tuple_elementIXT_ESt5tupleIJDpT0_EEE4typeERKS7_
FNDA:1,_ZSt3getILm1EJiPKiiEERKNSt13tuple_elementIXT_ESt5tupleIJDpT0_EEE4typeERKS6_
FNDA:0,_ZSt3getILm2EJN7testing7MatcherIiEENS1_IPKiEENS1_IPiEEEERKNSt13tuple_elementIXT_ESt5tupleIJDpT0_EEE4typeERKSC_
FNDA:1,_ZSt3getILm2EJN7testing7MatcherIiEENS1_IPKiEES2_EERKNSt13tuple_elementIXT_ESt5tupleIJDpT0_EEE4typeERKSA_
FNDA:0,_ZSt3getILm2EJiPKiPiEERKNSt13tuple_elementIXT_ESt5tupleIJDpT0_EEE4typeERKS7_
FNDA:1,_ZSt3getILm2EJiPKiiEERKNSt13tuple_elementIXT_ESt5tupleIJDpT0_EEE4typeERKS6_
FNDA:0,_ZSt3getILm0EJPKN7testing8internal11MatcherBaseIPKiEEPKNS1_15AnythingMatcherEEEONSt13tuple_elementIXT_ESt5tupleIJDpT0_EEE4typeEOSF_
FNDA:0,_ZSt3getILm0EJPKN7testing8internal11MatcherBaseIRKSt5tupleIJiPKiiEEEEPKNS1_15AnythingMatcherEEEONSt13tuple_elementIXT_ES3_IJDpT0_EEE4typeEOSI_
FNDA:0,_ZSt3getILm0EJPKN7testing8internal11MatcherBaseIiEEPKNS1_9EqMatcherIiEEEEONSt13tuple_elementIXT_ESt5tupleIJDpT0_EEE4typeEOSE_
FNDA:0,_ZSt3getILm0EJiP17spi_transaction_tEEONSt13tuple_elementIXT_ESt5tupleIJDpT0_EEE4typeEOS6_
FNDA:0,_ZSt3getILm0EJiPKiPiEEONSt13tuple_elementIXT_ESt5tupleIJDpT0_EEE4typeEOS7_
FNDA:1,_ZSt3getILm0EJiPKiiEEONSt13tuple_elementIXT_ESt5tupleIJDpT0_EEE4typeEOS6_
FNDA:0,_ZSt3getILm1EJiP17spi_transaction_tEEONSt13tuple_elementIXT_ESt5tupleIJDpT0_EEE4typeEOS6_
FNDA:0,_ZSt3getILm1EJiPKiPiEEONSt13tuple_elementIXT_ESt5tupleIJDpT0_EEE4typeEOS7_
FNDA:1,_ZSt3getILm1EJiPKiiEEONSt13tuple_elementIXT_ESt5tupleIJDpT0_EEE4typeEOS6_
FNDA:0,_ZSt3getILm2EJiPKiPiEEONSt13tuple_elementIXT_ESt5tupleIJDpT0_EEE4typeEOS7_
FNDA:1,_ZSt3getILm2EJiPKiiEEONSt13tuple_elementIXT_ESt5tupleIJDpT0_EEE4typeEOS6_
FNDA:2,_ZNSt10_Head_baseILm0EN7testing7MatcherIiEELb0EEC2ERKS3_
FNDA:2,_ZNSt10_Head_baseILm1EN7testing7MatcherIPKiEELb0EEC2ERKS5_
FNDA:2,_ZNSt10_Head_baseILm2EN7testing7MatcherIiEELb0EEC2ERKS3_
FNDA:1,_ZNSt10_Head_baseILm0EN7testing7MatcherIiEELb0EEC2IS2_EEOT_
FNDA:0,_ZNSt10_Head_baseILm0EPKN7testing8internal11MatcherBaseIPKiEELb0EEC2IS7_EEOT_
FNDA:0,_ZNSt10_Head_baseILm0EPKN7testing8internal11MatcherBaseIRKSt5tupleIJiPKiiEEEELb0EEC2ISB_EEOT_
FNDA:0,_ZNSt10_Head_baseILm0EPKN7testing8internal11MatcherBaseIiEELb0EEC2IS5_EEOT_
FNDA:1,_ZNSt10_Head_baseILm0EiLb0EEC2IiEEOT_
FNDA:1,_ZNSt10_Head_baseILm1EN7testing7MatcherIPKiEELb0EEC2IS4_EEOT_
FNDA:0,_ZNSt10_Head_baseILm1EP17spi_transaction_tLb0EEC2IS1_EEOT_
FNDA:0,_ZNSt10_Head_baseILm1EPKN7testing8internal15AnythingMatcherELb0EEC2IS4_EEOT_
FNDA:0,_ZNSt10_Head_baseILm1EPKN7testing8internal9EqMatcherIiEELb0EEC2IS5_EEOT_
FNDA:1,_ZNSt10_Head_baseILm1EPKiLb0EEC2IS1_EEOT_
FNDA:1,_ZNSt10_Head_baseILm2EN7testing7MatcherIiEELb0EEC2IS2_EEOT_
FNDA:0,_ZNSt10_Head_baseILm2EPiLb0EEC2IS0_EEOT_
FNDA:1,_ZNSt10_Head_baseILm2EiLb0EEC2IiEEOT_
FNDA:1,_ZSt10make_tupleIJN7testing7MatcherIiEENS1_IPKiEES2_EESt5tupleIJDpNSt25__strip_reference_wrapperINSt5decayIT_E4typeEE6__typeEEEDpOS9_
FNDA:0,_ZSt10make_tupleIJPKN7testing8internal11MatcherBaseIPKiEEPKNS1_15AnythingMatcherEEESt5tupleIJDpNSt25__strip_reference_wrapperINSt5decayIT_E4typeEE6__typeEEEDpOSE_
FNDA:0,_ZSt10make_tupleIJPKN7testing8internal11MatcherBaseIRKSt5tupleIJiPKiiEEEEPKNS1_15AnythingMatcherEEES3_IJDpNSt25__strip_reference_wrapperINSt5decayIT_E4typeEE6__typeEEEDpOSH_
FNDA:0,_ZSt10make_tupleIJPKN7testing8internal11MatcherBaseIiEEPKNS1_9EqMatcherIiEEEESt5tupleIJDpNSt25__strip_reference_wrapperINSt5decayIT_E4typeEE6__typeEEEDpOSD_
FNDA:0,_ZNSt10_Head_baseILm0EPKN7testing8internal11MatcherBaseIPKiEELb0EE7_M_headERS8_
FNDA:0,_ZNSt10_Head_baseILm0EPKN7testing8internal11MatcherBaseIRKSt5tupleIJiPKiiEEEELb0EE7_M_headERSC_
FNDA:0,_ZNSt10_Head_baseILm0EPKN7testing8internal11MatcherBaseIiEELb0EE7_M_headERS6_
FNDA:1,_ZNSt10_Head_baseILm0EPNSt7__cxx1112basic_stringIcSt11char_traitsIcESaIcEEELb0EE7_M_headERS7_
FNDA:108,_ZNSt10_Head_baseILm0EPNSt7__cxx1118basic_stringstreamIcSt11char_traitsIcESaIcEEELb0EE7_M_headERS7_
FNDA:1,_ZNSt10_Head_baseILm0EiLb0EE7_M_headERS0_
FNDA:0,_ZNSt10_Head_baseILm1EP17spi_transaction_tLb0EE7_M_headERS2_
FNDA:1,_ZNSt10_Head_baseILm1EPKiLb0EE7_M_headERS2_
FNDA:0,_ZNSt10_Head_baseILm2EPiLb0EE7_M_headERS1_
FNDA:1,_ZNSt10_Head_baseILm2EiLb0EE7_M_headERS0_
FNDA:1,_ZNSt10_Head_baseILm0EN7testing7MatcherIiEELb0EE7_M_headERKS3_
FNDA:1,_ZNSt10_Head_baseILm0EPN7testing8internal11ThreadLocalIPNS0_8SequenceEE18ValueHolderFactoryELb0EE7_M_headERKS8_
FNDA:0,_ZNSt10_Head_baseILm0EPNSt7__cxx1112basic_stringIcSt11char_traitsIcESaIcEEELb0EE7_M_headERKS7_
FNDA:576,_ZNSt10_Head_baseILm0EPNSt7__cxx1118basic_stringstreamIcSt11char_traitsIcESaIcEEELb0EE7_M_headERKS7_
FNDA:1,_ZNSt10_Head_baseILm0EiLb0EE7_M_headERKS0_
FNDA:0,_ZNSt10_Head_baseILm1EN7testing7MatcherIP17spi_transaction_tEELb0EE7_M_headERKS5_
FNDA:1,_ZNSt10_Head_baseILm1EN7testing7MatcherIPKiEELb0EE7_M_headERKS5_
FNDA:0,_ZNSt10_Head_baseILm1EP17spi_transaction_tLb0EE7_M_headERKS2_
FNDA:1,_ZNSt10_Head_baseILm1EPKiLb0EE7_M_headERKS2_
FNDA:0,_ZNSt10_Head_baseILm2EN7testing7MatcherIPiEELb0EE7_M_headERKS4_
FNDA:1,_ZNSt10_Head_baseILm2EN7testing7MatcherIiEELb0EE7_M_headERKS3_
FNDA:0,_ZNSt10_Head_baseILm2EPiLb0EE7_M_headERKS1_
FNDA:1,_ZNSt10_Head_baseILm2EiLb0EE7_M_headERKS0_
FNDA:0,_ZNSt11_Tuple_implILm0EJPKN7testing8internal11MatcherBaseIPKiEEPKNS1_15AnythingMatcherEEE7_M_headERSB_
FNDA:0,_ZNSt11_Tuple_implILm0EJPKN7testing8internal11MatcherBaseIRKSt5tupleIJiPKiiEEEEPKNS1_15AnythingMatcherEEE7_M_headERSF_
FNDA:0,_ZNSt11_Tuple_implILm0EJPKN7testing8internal11MatcherBaseIiEEPKNS1_9EqMatcherIiEEEE7_M_headERSA_
FNDA:1,_ZNSt11_Tuple_implILm0EJPNSt7__cxx1112basic_stringIcSt11char_traitsIcESaIcEEESt14default_deleteIS5_EEE7_M_headERS9_
FNDA:108,_ZNSt11_Tuple_implILm0EJPNSt7__cxx1118basic_stringstreamIcSt11char_traitsIcESaIcEEESt14default_deleteIS5_EEE7_M_headERS9_
FNDA:0,_ZNSt11_Tuple_implILm0EJiP17spi_transaction_tEE7_M_headERS2_
FNDA:0,_ZNSt11_Tuple_implILm0EJiPKiPiEE7_M_headERS3_
FNDA:1,_ZNSt11_Tuple_implILm0EJiPKiiEE7_M_headERS2_
FNDA:0,_ZNSt11_Tuple_implILm1EJPKiPiEE7_M_headERS3_
FNDA:1,_ZNSt11_Tuple_implILm1EJPKiiEE7_M_headERS2_
FNDA:0,_ZNSt11_Tuple_implILm0EJN7testing7MatcherIiEENS1_IP17spi_transaction_tEEEE7_M_headERKS6_
FNDA:0,_ZNSt11_Tuple_implILm0EJN7testing7MatcherIiEENS1_IPKiEENS1_IPiEEEE7_M_headERKS8_
FNDA:1,_ZNSt11_Tuple_implILm0EJN7testing7MatcherIiEENS1_IPKiEES2_EE7_M_headERKS6_
FNDA:1,_ZNSt11_Tuple_implILm0EJPN7testing8internal11ThreadLocalIPNS0_8SequenceEE18ValueHolderFactoryESt14default_deleteIS6_EEE7_M_headERKSA_
FNDA:0,_ZNSt11_Tuple_implILm0EJPNSt7__cxx1112basic_stringIcSt11char_traitsIcESaIcEEESt14default_deleteIS5_EEE7_M_headERKS9_
FNDA:576,_ZNSt11_Tuple_implILm0EJPNSt7__cxx1118basic_stringstreamIcSt11char_traitsIcESaIcEEESt14default_deleteIS5_EEE7_M_headERKS9_
FNDA:0,_ZNSt11_Tuple_implILm0EJiP17spi_transaction_tEE7_M_headERKS2_
FNDA:0,_ZNSt11_Tuple_implILm0EJiPKiPiEE7_M_headERKS3_
FNDA:1,_ZNSt11_Tuple_implILm0EJiPKiiEE7_M_headERKS2_
FNDA:0,_ZNSt11_Tuple_implILm1EJN7testing7MatcherIPKiEENS1_IPiEEEE7_M_headERKS7_
FNDA:1,_ZNSt11_Tuple_implILm1EJN7testing7MatcherIPKiEENS1_IiEEEE7_M_headERKS6_
FNDA:0,_ZNSt11_Tuple_implILm1EJPKiPiEE7_M_headERKS3_
FNDA:1,_ZNSt11_Tuple_implILm1EJPKiiEE7_M_headERKS2_
FNDA:1,_ZNSt11_Tuple_implILm0EJN7testing7MatcherIiEENS1_IPKiEES2_EEC2IS2_JS5_S2_EvEEOT_DpOT0_
FNDA:0,_ZNSt11_Tuple_implILm0EJPKN7testing8internal11MatcherBaseIPKiEEPKNS1_15AnythingMatcherEEEC2IS7_JSA_EvEEOT_DpOT0_
FNDA:0,_ZNSt11_Tuple_implILm0EJPKN7testing8internal11MatcherBaseIRKSt5tupleIJiPKiiEEEEPKNS1_15AnythingMatcherEEEC2ISB_JSE_EvEEOT_DpOT0_
FNDA:0,_ZNSt11_Tuple_implILm0EJPKN7testing8internal11MatcherBaseIiEEPKNS1_9EqMatcherIiEEEEC2IS5_JS9_EvEEOT_DpOT0_
FNDA:0,_ZNSt11_Tuple_implILm0EJiP17spi_transaction_tEEC2IiJS1_EvEEOT_DpOT0_
FNDA:0,_ZNSt11_Tuple_implILm0EJiPKiPiEEC2IiJS1_S2_EvEEOT_DpOT0_
FNDA:1,_ZNSt11_Tuple_implILm0EJiPKiiEEC2IiJS1_iEvEEOT_DpOT0_
FNDA:1,_ZNSt11_Tuple_implILm1EJN7testing7MatcherIPKiEENS1_IiEEEEC2IS4_JS5_EvEEOT_DpOT0_
FNDA:0,_ZNSt11_Tuple_implILm1EJPKiPiEEC2IS1_JS2_EvEEOT_DpOT0_
FNDA:1,_ZNSt11_Tuple_implILm1EJPKiiEEC2IS1_JiEvEEOT_DpOT0_
FNDA:2,_ZNSt11_Tuple_implILm0EJN7testing7MatcherIiEENS1_IPKiEES2_EEC2ERKS6_
FNDA:2,_ZNSt11_Tuple_implILm1EJN7testing7MatcherIPKiEENS1_IiEEEEC2ERKS6_
FNDA:0,_ZNSt11_Tuple_implILm0EJiP17spi_transaction_tEEC2EOS2_
FNDA:0,_ZNSt11_Tuple_implILm0EJiPKiPiEEC2EOS3_
FNDA:1,_ZNSt11_Tuple_implILm0EJiPKiiEEC2EOS2_
FNDA:0,_ZNSt11_Tuple_implILm1EJPKiPiEEC2EOS3_
FNDA:1,_ZNSt11_Tuple_implILm1EJPKiiEEC2EOS2_
FNDA:0,_ZNSt11_Tuple_implILm1EJP17spi_transaction_tEE7_M_headERS2_
FNDA:0,_ZNSt11_Tuple_implILm1EJSt14default_deleteINSt7__cxx1112basic_stringIcSt11char_traitsIcESaIcEEEEEE7_M_headERS8_
FNDA:54,_ZNSt11_Tuple_implILm1EJSt14default_deleteINSt7__cxx1118basic_stringstreamIcSt11char_traitsIcESaIcEEEEEE7_M_headERS8_
FNDA:0,_ZNSt11_Tuple_implILm2EJPiEE7_M_headERS1_
FNDA:1,_ZNSt11_Tuple_implILm2EJiEE7_M_headERS0_
FNDA:0,_ZNSt11_Tuple_implILm1EJN7testing7MatcherIP17spi_transaction_tEEEE7_M_headERKS5_
FNDA:0,_ZNSt11_Tuple_implILm1EJP17spi_transaction_tEE7_M_headERKS2_
FNDA:0,_ZNSt11_Tuple_implILm2EJN7testing7MatcherIPiEEEE7_M_headERKS4_
FNDA:1,_ZNSt11_Tuple_implILm2EJN7testing7MatcherIiEEEE7_M_headERKS3_
FNDA:0,_ZNSt11_Tuple_implILm2EJPiEE7_M_headERKS1_
FNDA:1,_ZNSt11_Tuple_implILm2EJiEE7_M_headERKS0_
FNDA:0,_ZNSt11_Tuple_implILm1EJP17spi_transaction_tEEC2IS1_EEOT_
FNDA:0,_ZNSt11_Tuple_implILm1EJPKN7testing8internal15AnythingMatcherEEEC2IS4_EEOT_
FNDA:0,_ZNSt11_Tuple_implILm1EJPKN7testing8internal9EqMatcherIiEEEEC2IS5_EEOT_
FNDA:1,_ZNSt11_Tuple_implILm2EJN7testing7MatcherIiEEEEC2IS2_EEOT_
FNDA:0,_ZNSt11_Tuple_implILm2EJPiEEC2IS0_EEOT_
FNDA:1,_ZNSt11_Tuple_implILm2EJiEEC2IiEEOT_
FNDA:2,_ZNSt11_Tuple_implILm2EJN7testing7MatcherIiEEEEC2ERKS3_
FNDA:0,_ZNSt11_Tuple_implILm1EJP17spi_transaction_tEEC2EOS2_
FNDA:0,_ZNSt11_Tuple_implILm2EJPiEEC2EOS1_
FNDA:1,_ZNSt11_Tuple_implILm2EJiEEC2EOS0_
FNDA:1,_ZNSt5tupleIJN7testing7MatcherIiEENS1_IPKiEES2_EEC2IJS2_S5_S2_ELb1ELb1EEEDpOT_
FNDA:0,_ZNSt5tupleIJiPKiPiEEC2IJiS1_S2_ELb1ELb1EEEDpOT_
FNDA:1,_ZNSt5tupleIJiPKiiEEC2IJiS1_iELb1ELb1EEEDpOT_
FNDA:2,_ZNSt5tupleIJN7testing7MatcherIiEENS1_IPKiEES2_EEC2ERKS6_
FNDA:0,_ZNSt5tupleIJiPKiPiEEC2EOS3_
FNDA:1,_ZNSt5tupleIJiPKiiEEC2EOS2_
FNF:185
FNH:82
DA:125,54
DA:196,6
DA:200,6
DA:201,6
DA:234,112
DA:237,583
DA:269,111
DA:272,581
DA:291,4
DA:293,4
DA:294,4
DA:296,4
DA:302,2
DA:497,55
DA:500,2
DA:513,2
DA:514,2
DA:515,2
DA:517,2
DA:527,1
DA:529,1
DA:530,1
DA:889,2
DA:891,2
DA:901,2
DA:903,1
DA:1345,0
DA:1347,0
DA:1358,0
DA:1787,166
DA:1788,166
DA:1792,583
DA:1793,583
DA:1803,163
DA:1804,163
DA:1809,583
DA:1810,583
DA:1815,3
DA:1818,3
DA:2001,1
DA:2005,1
LF:41
LH:38
end_of_record
TN:
SF:/usr/include/c++/13.2.1/type_traits
FN:67,67,_ZNKSt17integral_constantIbLb1EEcvbEv
FNDA:1,_ZNKSt17integral_constantIbLb1EEcvbEv
FNF:1
FNH:1
DA:67,1
LF:1
LH:1
end_of_record
TN:
SF:/usr/include/c++/13.2.1/typeinfo
FN:103,104,_ZNKSt9type_info4nameEv
FN:193,210,_ZNKSt9type_infoeqERKS_
FNDA:0,_ZNKSt9type_info4nameEv
FNDA:0,_ZNKSt9type_infoeqERKS_
FNF:2
FNH:0
DA:103,0
DA:104,0
DA:193,0
DA:195,0
DA:196,0
DA:198,0
DA:199,0
DA:206,0
LF:8
LH:0
end_of_record
TN:
SF:/usr/include/c++/13.2.1/x86_64-pc-linux-gnu/bits/c++config.h
FN:540,551,_ZSt23__is_constant_evaluatedv
FNDA:535,_ZSt23__is_constant_evaluatedv
FNF:1
FNH:1
DA:540,535
DA:547,535
LF:2
LH:2
end_of_record
